;  LST file generated by mikroListExporter - v.2.0 
; Date/Time: 15.05.2014 09:23:26
;----------------------------------------------

;Address Opcode 	ASM
0x0000	0xF002EF5F  	GOTO        1214
_interrupt:
;Tx.c,43 :: 		void interrupt(void)
;Tx.c,45 :: 		while(PIR2.HLVDIF)
0x0008	0xF017C000  	MOVFF       R0, 23
0x000C	0xF016C00C  	MOVFF       R12, 22
0x0010	0xF015C00D  	MOVFF       R13, 21
L_interrupt0:
0x0014	0xA4A1      	BTFSS       PIR2, 2 
0x0016	0xD042      	BRA         L_interrupt1
;Tx.c,47 :: 		pilZayifSayac++;
0x0018	0x2A2D      	INCF        _pilZayifSayac, 1 
;Tx.c,48 :: 		pil_zayif_led=1;
0x001A	0x8683      	BSF         PORTD, 3 
;Tx.c,49 :: 		delay_ms(100);
0x001C	0x0E82      	MOVLW       130
0x001E	0x6E0C      	MOVWF       R12, 0
0x0020	0x0EDD      	MOVLW       221
0x0022	0x6E0D      	MOVWF       R13, 0
L_interrupt2:
0x0024	0x2E0D      	DECFSZ      R13, 1, 0
0x0026	0xD7FE      	BRA         L_interrupt2
0x0028	0x2E0C      	DECFSZ      R12, 1, 0
0x002A	0xD7FC      	BRA         L_interrupt2
0x002C	0x0000      	NOP
0x002E	0x0000      	NOP
;Tx.c,50 :: 		acik_led=0;
0x0030	0x9083      	BCF         PORTD, 0 
;Tx.c,51 :: 		acil_led=0;
0x0032	0x9283      	BCF         PORTD, 1 
;Tx.c,54 :: 		if(pilZayifSayac==2)
0x0034	0x502D      	MOVF        _pilZayifSayac, 0 
0x0036	0x0A02      	XORLW       2
0x0038	0xE130      	BNZ         L_interrupt3
;Tx.c,55 :: 		{ setA=1;
0x003A	0x8A83      	BSF         PORTD, 5 
;Tx.c,56 :: 		setB=1;               //guc tuketimi icin hlvd modülü, rf modul vs kapat
0x003C	0x8883      	BSF         PORTD, 4 
;Tx.c,57 :: 		HLVDCON.HLVDEN=0;
0x003E	0x98D2      	BCF         HLVDCON, 4 
;Tx.c,58 :: 		PIR2.HLVDIF=0;
0x0040	0x94A1      	BCF         PIR2, 2 
;Tx.c,59 :: 		PIE2.HLVDIE=0;       //pil eski haline gelene kadar tekrar kesmeye girme
0x0042	0x94A0      	BCF         PIE2, 2 
;Tx.c,60 :: 		while(1)
L_interrupt4:
;Tx.c,62 :: 		pil_zayif_led=1;
0x0044	0x8683      	BSF         PORTD, 3 
;Tx.c,63 :: 		for(dlysayac=0;dlySayac<500;dlySayac++)
0x0046	0x6A2E      	CLRF        _dlySayac 
0x0048	0x6A2F      	CLRF        _dlySayac+1 
L_interrupt6:
0x004A	0x0E01      	MOVLW       1
0x004C	0x5C2F      	SUBWF       _dlySayac+1, 0 
0x004E	0xE102      	BNZ         L__interrupt102
0x0050	0x0EF4      	MOVLW       244
0x0052	0x5C2E      	SUBWF       _dlySayac, 0 
L__interrupt102:
0x0054	0xE20B      	BC          L_interrupt7
;Tx.c,65 :: 		Delay_ms(1);
0x0056	0x0E02      	MOVLW       2
0x0058	0x6E0C      	MOVWF       R12, 0
0x005A	0x0E4B      	MOVLW       75
0x005C	0x6E0D      	MOVWF       R13, 0
L_interrupt9:
0x005E	0x2E0D      	DECFSZ      R13, 1, 0
0x0060	0xD7FE      	BRA         L_interrupt9
0x0062	0x2E0C      	DECFSZ      R12, 1, 0
0x0064	0xD7FC      	BRA         L_interrupt9
;Tx.c,63 :: 		for(dlysayac=0;dlySayac<500;dlySayac++)
0x0066	0x4A2E      	INFSNZ      _dlySayac, 1 
0x0068	0x2A2F      	INCF        _dlySayac+1, 1 
;Tx.c,66 :: 		}
0x006A	0xD7EF      	BRA         L_interrupt6
L_interrupt7:
;Tx.c,67 :: 		asm CLRWDT;
0x006C	0x0004      	CLRWDT
;Tx.c,68 :: 		pil_zayif_led=0;
0x006E	0x9683      	BCF         PORTD, 3 
;Tx.c,69 :: 		for(dlysayac=0;dlySayac<500;dlySayac++)
0x0070	0x6A2E      	CLRF        _dlySayac 
0x0072	0x6A2F      	CLRF        _dlySayac+1 
L_interrupt10:
0x0074	0x0E01      	MOVLW       1
0x0076	0x5C2F      	SUBWF       _dlySayac+1, 0 
0x0078	0xE102      	BNZ         L__interrupt103
0x007A	0x0EF4      	MOVLW       244
0x007C	0x5C2E      	SUBWF       _dlySayac, 0 
L__interrupt103:
0x007E	0xE20B      	BC          L_interrupt11
;Tx.c,71 :: 		Delay_ms(1);                                //0,5 sn aralýklarla pil zayýf ledi yanýp sönecek
0x0080	0x0E02      	MOVLW       2
0x0082	0x6E0C      	MOVWF       R12, 0
0x0084	0x0E4B      	MOVLW       75
0x0086	0x6E0D      	MOVWF       R13, 0
L_interrupt13:
0x0088	0x2E0D      	DECFSZ      R13, 1, 0
0x008A	0xD7FE      	BRA         L_interrupt13
0x008C	0x2E0C      	DECFSZ      R12, 1, 0
0x008E	0xD7FC      	BRA         L_interrupt13
;Tx.c,69 :: 		for(dlysayac=0;dlySayac<500;dlySayac++)
0x0090	0x4A2E      	INFSNZ      _dlySayac, 1 
0x0092	0x2A2F      	INCF        _dlySayac+1, 1 
;Tx.c,72 :: 		}
0x0094	0xD7EF      	BRA         L_interrupt10
L_interrupt11:
;Tx.c,73 :: 		asm CLRWDT;
0x0096	0x0004      	CLRWDT
;Tx.c,74 :: 		}
0x0098	0xD7D5      	BRA         L_interrupt4
;Tx.c,75 :: 		}
L_interrupt3:
;Tx.c,76 :: 		}
0x009A	0xD7BC      	BRA         L_interrupt0
L_interrupt1:
;Tx.c,78 :: 		}
L__interrupt101:
0x009C	0xF000C017  	MOVFF       23, R0
0x00A0	0xF00CC016  	MOVFF       22, R12
0x00A4	0xF00DC015  	MOVFF       21, R13
0x00A8	0x0011      	RETFIE      1
; end of _interrupt
_UART1_Init:
;__Lib_UART_c67.c,15 :: 		
;__Lib_UART_c67.c,18 :: 		
0x00AA	0x0EFF      	MOVLW       _UART1_Write
0x00AC	0x6E35      	MOVWF       _UART_Wr_Ptr 
0x00AE	0x0EFF      	MOVLW       hi_addr(_UART1_Write)
0x00B0	0x6E36      	MOVWF       _UART_Wr_Ptr+1 
0x00B2	0x0EFF      	MOVLW       FARG_UART1_Write_data_
0x00B4	0x6E37      	MOVWF       _UART_Wr_Ptr+2 
0x00B6	0x0EFF      	MOVLW       hi_addr(FARG_UART1_Write_data_)
0x00B8	0x6E38      	MOVWF       _UART_Wr_Ptr+3 
;__Lib_UART_c67.c,19 :: 		
0x00BA	0x0EFF      	MOVLW       _UART1_Read
0x00BC	0x6E31      	MOVWF       _UART_Rd_Ptr 
0x00BE	0x0EFF      	MOVLW       hi_addr(_UART1_Read)
0x00C0	0x6E32      	MOVWF       _UART_Rd_Ptr+1 
0x00C2	0x0E00      	MOVLW       0
0x00C4	0x6E33      	MOVWF       _UART_Rd_Ptr+2 
0x00C6	0x0E00      	MOVLW       0
0x00C8	0x6E34      	MOVWF       _UART_Rd_Ptr+3 
;__Lib_UART_c67.c,20 :: 		
0x00CA	0x0EFF      	MOVLW       _UART1_Data_Ready
0x00CC	0x6E3D      	MOVWF       _UART_Rdy_Ptr 
0x00CE	0x0EFF      	MOVLW       hi_addr(_UART1_Data_Ready)
0x00D0	0x6E3E      	MOVWF       _UART_Rdy_Ptr+1 
0x00D2	0x0E00      	MOVLW       0
0x00D4	0x6E3F      	MOVWF       _UART_Rdy_Ptr+2 
0x00D6	0x0E00      	MOVLW       0
0x00D8	0x6E40      	MOVWF       _UART_Rdy_Ptr+3 
;__Lib_UART_c67.c,21 :: 		
0x00DA	0x0EFF      	MOVLW       _UART1_Tx_Idle
0x00DC	0x6E39      	MOVWF       _UART_Tx_Idle_Ptr 
0x00DE	0x0EFF      	MOVLW       hi_addr(_UART1_Tx_Idle)
0x00E0	0x6E3A      	MOVWF       _UART_Tx_Idle_Ptr+1 
0x00E2	0x0E00      	MOVLW       0
0x00E4	0x6E3B      	MOVWF       _UART_Tx_Idle_Ptr+2 
0x00E6	0x0E00      	MOVLW       0
0x00E8	0x6E3C      	MOVWF       _UART_Tx_Idle_Ptr+3 
;__Lib_UART_c67.c,23 :: 		
0x00EA	0x8AAC      	BSF         TXSTA, 5 
;__Lib_UART_c67.c,24 :: 		
0x00EC	0x0E90      	MOVLW       144
0x00EE	0x6EAB      	MOVWF       RCSTA 
;__Lib_UART_c67.c,25 :: 		
0x00F0	0x8E94      	BSF         TRISC7_bit, 7 
;__Lib_UART_c67.c,26 :: 		
0x00F2	0x9C94      	BCF         TRISC6_bit, 6 
;__Lib_UART_c67.c,28 :: 		
L_UART1_Init0:
0x00F4	0xAA9E      	BTFSS       PIR1, 5 
0x00F6	0xD003      	BRA         L_UART1_Init1
;__Lib_UART_c67.c,29 :: 		
0x00F8	0xF000CFAE  	MOVFF       RCREG, R0
0x00FC	0xD7FB      	BRA         L_UART1_Init0
L_UART1_Init1:
;__Lib_UART_c67.c,30 :: 		
L_end_UART1_Init:
0x00FE	0x0012      	RETURN      0
; end of _UART1_Init
_hataTemizle:
;Tx.c,116 :: 		void hataTemizle()
;Tx.c,119 :: 		if (RCSTA.OERR)     //overrun hatasý varsa
0x0100	0xA2AB      	BTFSS       RCSTA, 1 
0x0102	0xD004      	BRA         L_hataTemizle15
;Tx.c,121 :: 		TXSTA.TXEN=0;
0x0104	0x9AAC      	BCF         TXSTA, 5 
;Tx.c,122 :: 		TXSTA.TXEN=1;
0x0106	0x8AAC      	BSF         TXSTA, 5 
;Tx.c,123 :: 		RCSTA.CREN=0;
0x0108	0x98AB      	BCF         RCSTA, 4 
;Tx.c,124 :: 		RCSTA.CREN=1;
0x010A	0x88AB      	BSF         RCSTA, 4 
;Tx.c,125 :: 		}
L_hataTemizle15:
;Tx.c,126 :: 		if (RCSTA.FERR)     //frame hatasý varsa
0x010C	0xA4AB      	BTFSS       RCSTA, 2 
0x010E	0xD004      	BRA         L_hataTemizle16
;Tx.c,128 :: 		buff=RCREG;
0x0110	0xF030CFAE  	MOVFF       RCREG, _buff
;Tx.c,129 :: 		TXSTA.TXEN=0;
0x0114	0x9AAC      	BCF         TXSTA, 5 
;Tx.c,130 :: 		TXSTA.TXEN=1;
0x0116	0x8AAC      	BSF         TXSTA, 5 
;Tx.c,131 :: 		}
L_hataTemizle16:
;Tx.c,132 :: 		}
0x0118	0x0012      	RETURN      0
; end of _hataTemizle
_butonIsle:
;Tx.c,134 :: 		void butonIsle()
;Tx.c,137 :: 		if(acil){
0x011A	0xA483      	BTFSS       PORTD, 2 
0x011C	0xD037      	BRA         L_butonIsle17
;Tx.c,138 :: 		if(acilSayac<20)
0x011E	0x0E14      	MOVLW       20
0x0120	0x5C2C      	SUBWF       _acilSayac, 0 
0x0122	0xE22A      	BC          L_butonIsle18
;Tx.c,140 :: 		setA=0;
0x0124	0x9A83      	BCF         PORTD, 5 
;Tx.c,141 :: 		setB=0;
0x0126	0x9883      	BCF         PORTD, 4 
;Tx.c,142 :: 		acil_led=1;
0x0128	0x8283      	BSF         PORTD, 1 
;Tx.c,143 :: 		acik_led=0;
0x012A	0x9083      	BCF         PORTD, 0 
;Tx.c,144 :: 		d0=64;   //acil komutu
0x012C	0x0E40      	MOVLW       64
0x012E	0x6E1B      	MOVWF       _d0 
;Tx.c,145 :: 		d1=0;
0x0130	0x6A1C      	CLRF        _d1 
;Tx.c,146 :: 		RXBUFF[5]= d0;
0x0132	0x0E40      	MOVLW       64
0x0134	0x6E22      	MOVWF       _RXBUFF+5 
;Tx.c,147 :: 		RXBUFF[6]= d1;
0x0136	0x6A23      	CLRF        _RXBUFF+6 
;Tx.c,148 :: 		for(paketSay = 0; paketSay <7; paketSay++)
0x0138	0x6A18      	CLRF        _paketSay 
L_butonIsle19:
0x013A	0x0E07      	MOVLW       7
0x013C	0x5C18      	SUBWF       _paketSay, 0 
0x013E	0xE210      	BC          L_butonIsle20
;Tx.c,150 :: 		while(!PIR1.TXIF)
L_butonIsle22:
0x0140	0xB89E      	BTFSC       PIR1, 4 
0x0142	0xD002      	BRA         L_butonIsle23
;Tx.c,152 :: 		hataTemizle();
0x0144	0xDFDD      	RCALL       _hataTemizle
;Tx.c,153 :: 		}
0x0146	0xD7FC      	BRA         L_butonIsle22
L_butonIsle23:
;Tx.c,154 :: 		TXREG=(RXBUFF[paketSay]);
0x0148	0x0E1D      	MOVLW       _RXBUFF
0x014A	0x6EE9      	MOVWF       FSR0L 
0x014C	0x0E00      	MOVLW       hi_addr(_RXBUFF)
0x014E	0x6EEA      	MOVWF       FSR0H 
0x0150	0x5018      	MOVF        _paketSay, 0 
0x0152	0x26E9      	ADDWF       FSR0L, 1 
0x0154	0xB0D8      	BTFSC       STATUS, 0 
0x0156	0x2AEA      	INCF        FSR0H, 1 
0x0158	0xFFADCFEE  	MOVFF       POSTINC0, TXREG
;Tx.c,148 :: 		for(paketSay = 0; paketSay <7; paketSay++)
0x015C	0x2A18      	INCF        _paketSay, 1 
;Tx.c,155 :: 		}
0x015E	0xD7ED      	BRA         L_butonIsle19
L_butonIsle20:
;Tx.c,156 :: 		paketSay=0;
0x0160	0x6A18      	CLRF        _paketSay 
;Tx.c,157 :: 		Delay_ms(10);
0x0162	0x0E0D      	MOVLW       13
0x0164	0x6E0C      	MOVWF       R12, 0
0x0166	0x0EFB      	MOVLW       251
0x0168	0x6E0D      	MOVWF       R13, 0
L_butonIsle24:
0x016A	0x2E0D      	DECFSZ      R13, 1, 0
0x016C	0xD7FE      	BRA         L_butonIsle24
0x016E	0x2E0C      	DECFSZ      R12, 1, 0
0x0170	0xD7FC      	BRA         L_butonIsle24
0x0172	0x0000      	NOP
0x0174	0x0000      	NOP
;Tx.c,158 :: 		acilSayac++;
0x0176	0x2A2C      	INCF        _acilSayac, 1 
;Tx.c,159 :: 		}
L_butonIsle18:
;Tx.c,160 :: 		if(acilSayac==20)                   //20 kere acil komutu yollandýysa
0x0178	0x502C      	MOVF        _acilSayac, 0 
0x017A	0x0A14      	XORLW       20
0x017C	0xE106      	BNZ         L_butonIsle25
;Tx.c,162 :: 		uykuSayac2=0;
0x017E	0x6A27      	CLRF        _uykuSayac2 
0x0180	0x6A28      	CLRF        _uykuSayac2+1 
;Tx.c,163 :: 		setA=1;
0x0182	0x8A83      	BSF         PORTD, 5 
;Tx.c,164 :: 		setB=1;                             //modülü uyut
0x0184	0x8883      	BSF         PORTD, 4 
;Tx.c,165 :: 		acil_led=0;
0x0186	0x9283      	BCF         PORTD, 1 
;Tx.c,166 :: 		acik_led=0;                         //ledleri kapat
0x0188	0x9083      	BCF         PORTD, 0 
;Tx.c,167 :: 		}
L_butonIsle25:
;Tx.c,168 :: 		}
0x018A	0xD15E      	BRA         L_butonIsle26
L_butonIsle17:
;Tx.c,170 :: 		if(yukari==1||asagi==1||sag==1||sol==1||ileri==1||geri==1||yukari2==1||asagi2==1||sag2==1||sol2==1||ileri2==1||geri2==1)
0x018C	0xB682      	BTFSC       PORTC, 3 
0x018E	0xD017      	BRA         L__butonIsle100
0x0190	0xB681      	BTFSC       PORTB, 3 
0x0192	0xD015      	BRA         L__butonIsle100
0x0194	0xB282      	BTFSC       PORTC, 1 
0x0196	0xD013      	BRA         L__butonIsle100
0x0198	0xB881      	BTFSC       PORTB, 4 
0x019A	0xD011      	BRA         L__butonIsle100
0x019C	0xBC80      	BTFSC       PORTA, 6 
0x019E	0xD00F      	BRA         L__butonIsle100
0x01A0	0xB284      	BTFSC       PORTE, 1 
0x01A2	0xD00D      	BRA         L__butonIsle100
0x01A4	0xB482      	BTFSC       PORTC, 2 
0x01A6	0xD00B      	BRA         L__butonIsle100
0x01A8	0xB481      	BTFSC       PORTB, 2 
0x01AA	0xD009      	BRA         L__butonIsle100
0x01AC	0xB082      	BTFSC       PORTC, 0 
0x01AE	0xD007      	BRA         L__butonIsle100
0x01B0	0xB084      	BTFSC       PORTE, 0 
0x01B2	0xD005      	BRA         L__butonIsle100
0x01B4	0xBE80      	BTFSC       PORTA, 7 
0x01B6	0xD003      	BRA         L__butonIsle100
0x01B8	0xB484      	BTFSC       PORTE, 2 
0x01BA	0xD001      	BRA         L__butonIsle100
0x01BC	0xD116      	BRA         L_butonIsle29
L__butonIsle100:
;Tx.c,172 :: 		if(!((yukari==1&&asagi==1) || (yukari==1&&asagi2==1) || (yukari2==1&&asagi==1) || (yukari2==1&&asagi2==1) || (sag==1&&sol==1) || (sag==1&&sol2==1) || (sag2==1&&sol==1) || (sag2==1&&sol2==1) || (ileri==1&&geri==1) || (ileri==1&&geri2==1) || (ileri2==1&&geri==1) || (ileri2==1&&geri2==1)))
0x01BE	0xA682      	BTFSS       PORTC, 3 
0x01C0	0xD003      	BRA         L__butonIsle99
0x01C2	0xA681      	BTFSS       PORTB, 3 
0x01C4	0xD001      	BRA         L__butonIsle99
0x01C6	0xD039      	BRA         L_butonIsle35
L__butonIsle99:
0x01C8	0xA682      	BTFSS       PORTC, 3 
0x01CA	0xD003      	BRA         L__butonIsle98
0x01CC	0xA481      	BTFSS       PORTB, 2 
0x01CE	0xD001      	BRA         L__butonIsle98
0x01D0	0xD034      	BRA         L_butonIsle35
L__butonIsle98:
0x01D2	0xA482      	BTFSS       PORTC, 2 
0x01D4	0xD003      	BRA         L__butonIsle97
0x01D6	0xA681      	BTFSS       PORTB, 3 
0x01D8	0xD001      	BRA         L__butonIsle97
0x01DA	0xD02F      	BRA         L_butonIsle35
L__butonIsle97:
0x01DC	0xA482      	BTFSS       PORTC, 2 
0x01DE	0xD003      	BRA         L__butonIsle96
0x01E0	0xA481      	BTFSS       PORTB, 2 
0x01E2	0xD001      	BRA         L__butonIsle96
0x01E4	0xD02A      	BRA         L_butonIsle35
L__butonIsle96:
0x01E6	0xA282      	BTFSS       PORTC, 1 
0x01E8	0xD003      	BRA         L__butonIsle95
0x01EA	0xA881      	BTFSS       PORTB, 4 
0x01EC	0xD001      	BRA         L__butonIsle95
0x01EE	0xD025      	BRA         L_butonIsle35
L__butonIsle95:
0x01F0	0xA282      	BTFSS       PORTC, 1 
0x01F2	0xD003      	BRA         L__butonIsle94
0x01F4	0xA084      	BTFSS       PORTE, 0 
0x01F6	0xD001      	BRA         L__butonIsle94
0x01F8	0xD020      	BRA         L_butonIsle35
L__butonIsle94:
0x01FA	0xA082      	BTFSS       PORTC, 0 
0x01FC	0xD003      	BRA         L__butonIsle93
0x01FE	0xA881      	BTFSS       PORTB, 4 
0x0200	0xD001      	BRA         L__butonIsle93
0x0202	0xD01B      	BRA         L_butonIsle35
L__butonIsle93:
0x0204	0xA082      	BTFSS       PORTC, 0 
0x0206	0xD003      	BRA         L__butonIsle92
0x0208	0xA084      	BTFSS       PORTE, 0 
0x020A	0xD001      	BRA         L__butonIsle92
0x020C	0xD016      	BRA         L_butonIsle35
L__butonIsle92:
0x020E	0xAC80      	BTFSS       PORTA, 6 
0x0210	0xD003      	BRA         L__butonIsle91
0x0212	0xA284      	BTFSS       PORTE, 1 
0x0214	0xD001      	BRA         L__butonIsle91
0x0216	0xD011      	BRA         L_butonIsle35
L__butonIsle91:
0x0218	0xAC80      	BTFSS       PORTA, 6 
0x021A	0xD003      	BRA         L__butonIsle90
0x021C	0xA484      	BTFSS       PORTE, 2 
0x021E	0xD001      	BRA         L__butonIsle90
0x0220	0xD00C      	BRA         L_butonIsle35
L__butonIsle90:
0x0222	0xAE80      	BTFSS       PORTA, 7 
0x0224	0xD003      	BRA         L__butonIsle89
0x0226	0xA284      	BTFSS       PORTE, 1 
0x0228	0xD001      	BRA         L__butonIsle89
0x022A	0xD007      	BRA         L_butonIsle35
L__butonIsle89:
0x022C	0xAE80      	BTFSS       PORTA, 7 
0x022E	0xD003      	BRA         L__butonIsle88
0x0230	0xA484      	BTFSS       PORTE, 2 
0x0232	0xD001      	BRA         L__butonIsle88
0x0234	0xD002      	BRA         L_butonIsle35
L__butonIsle88:
0x0236	0x6A00      	CLRF        R0 
0x0238	0xD002      	BRA         L_butonIsle34
L_butonIsle35:
0x023A	0x0E01      	MOVLW       1
0x023C	0x6E00      	MOVWF       R0 
L_butonIsle34:
0x023E	0x5200      	MOVF        R0, 1 
0x0240	0xA4D8      	BTFSS       STATUS, 2 
0x0242	0xD0D2      	BRA         L_butonIsle56
;Tx.c,174 :: 		acil_led=0;
0x0244	0x9283      	BCF         PORTD, 1 
;Tx.c,175 :: 		acilSayac=0;
0x0246	0x6A2C      	CLRF        _acilSayac 
;Tx.c,176 :: 		durSayac=0;
0x0248	0x6A29      	CLRF        _durSayac 
0x024A	0x6A2A      	CLRF        _durSayac+1 
;Tx.c,177 :: 		ledSayac++;
0x024C	0x2A2B      	INCF        _ledSayac, 1 
;Tx.c,178 :: 		setA=0;
0x024E	0x9A83      	BCF         PORTD, 5 
;Tx.c,179 :: 		setB=0;              //modülü uyandýr
0x0250	0x9883      	BCF         PORTD, 4 
;Tx.c,180 :: 		uykuSayac1=0;
0x0252	0x6A24      	CLRF        _uykuSayac1 
0x0254	0x6A25      	CLRF        _uykuSayac1+1 
;Tx.c,181 :: 		uykuSayac2=0;        //uyku modu sayaçlarýný sýfýrla
0x0256	0x6A27      	CLRF        _uykuSayac2 
0x0258	0x6A28      	CLRF        _uykuSayac2+1 
;Tx.c,182 :: 		d0 = acil*64 + yukari*32 + asagi*16 + sag*8 + sol*4 + ileri*2 + geri;
0x025A	0x6A01      	CLRF        R1 
0x025C	0xB483      	BTFSC       PORTD, 2 
0x025E	0x2A01      	INCF        R1, 1 
0x0260	0x0E06      	MOVLW       6
0x0262	0x6E00      	MOVWF       R0 
0x0264	0xF003C001  	MOVFF       R1, R3
0x0268	0x5000      	MOVF        R0, 0 
L__butonIsle104:
0x026A	0xE004      	BZ          L__butonIsle105
0x026C	0x3603      	RLCF        R3, 1 
0x026E	0x9003      	BCF         R3, 0 
0x0270	0x0FFF      	ADDLW       255
0x0272	0xD7FB      	BRA         L__butonIsle104
L__butonIsle105:
0x0274	0x6A02      	CLRF        R2 
0x0276	0xB682      	BTFSC       PORTC, 3 
0x0278	0x2A02      	INCF        R2, 1 
0x027A	0x0E05      	MOVLW       5
0x027C	0x6E01      	MOVWF       R1 
0x027E	0xF000C002  	MOVFF       R2, R0
0x0282	0x5001      	MOVF        R1, 0 
L__butonIsle106:
0x0284	0xE004      	BZ          L__butonIsle107
0x0286	0x3600      	RLCF        R0, 1 
0x0288	0x9000      	BCF         R0, 0 
0x028A	0x0FFF      	ADDLW       255
0x028C	0xD7FB      	BRA         L__butonIsle106
L__butonIsle107:
0x028E	0x5000      	MOVF        R0, 0 
0x0290	0x2603      	ADDWF       R3, 1 
0x0292	0x6A02      	CLRF        R2 
0x0294	0xB681      	BTFSC       PORTB, 3 
0x0296	0x2A02      	INCF        R2, 1 
0x0298	0xF000C002  	MOVFF       R2, R0
0x029C	0x3600      	RLCF        R0, 1 
0x029E	0x9000      	BCF         R0, 0 
0x02A0	0x3600      	RLCF        R0, 1 
0x02A2	0x9000      	BCF         R0, 0 
0x02A4	0x3600      	RLCF        R0, 1 
0x02A6	0x9000      	BCF         R0, 0 
0x02A8	0x3600      	RLCF        R0, 1 
0x02AA	0x9000      	BCF         R0, 0 
0x02AC	0x5000      	MOVF        R0, 0 
0x02AE	0x2603      	ADDWF       R3, 1 
0x02B0	0x6A02      	CLRF        R2 
0x02B2	0xB282      	BTFSC       PORTC, 1 
0x02B4	0x2A02      	INCF        R2, 1 
0x02B6	0xF000C002  	MOVFF       R2, R0
0x02BA	0x3600      	RLCF        R0, 1 
0x02BC	0x9000      	BCF         R0, 0 
0x02BE	0x3600      	RLCF        R0, 1 
0x02C0	0x9000      	BCF         R0, 0 
0x02C2	0x3600      	RLCF        R0, 1 
0x02C4	0x9000      	BCF         R0, 0 
0x02C6	0x5000      	MOVF        R0, 0 
0x02C8	0x2603      	ADDWF       R3, 1 
0x02CA	0x6A02      	CLRF        R2 
0x02CC	0xB881      	BTFSC       PORTB, 4 
0x02CE	0x2A02      	INCF        R2, 1 
0x02D0	0xF000C002  	MOVFF       R2, R0
0x02D4	0x3600      	RLCF        R0, 1 
0x02D6	0x9000      	BCF         R0, 0 
0x02D8	0x3600      	RLCF        R0, 1 
0x02DA	0x9000      	BCF         R0, 0 
0x02DC	0x5000      	MOVF        R0, 0 
0x02DE	0x2603      	ADDWF       R3, 1 
0x02E0	0x6A02      	CLRF        R2 
0x02E2	0xBC80      	BTFSC       PORTA, 6 
0x02E4	0x2A02      	INCF        R2, 1 
0x02E6	0xF000C002  	MOVFF       R2, R0
0x02EA	0x3600      	RLCF        R0, 1 
0x02EC	0x9000      	BCF         R0, 0 
0x02EE	0x5000      	MOVF        R0, 0 
0x02F0	0x2403      	ADDWF       R3, 0 
0x02F2	0x6E01      	MOVWF       R1 
0x02F4	0x6A00      	CLRF        R0 
0x02F6	0xB284      	BTFSC       PORTE, 1 
0x02F8	0x2A00      	INCF        R0, 1 
0x02FA	0x5000      	MOVF        R0, 0 
0x02FC	0x2401      	ADDWF       R1, 0 
0x02FE	0x6E04      	MOVWF       R4 
0x0300	0xF01BC004  	MOVFF       R4, _d0
;Tx.c,183 :: 		d1 = yukari2*32 + asagi2*16 + sag2*8 + sol2*4 + ileri2*2 + geri2;
0x0304	0x6A01      	CLRF        R1 
0x0306	0xB482      	BTFSC       PORTC, 2 
0x0308	0x2A01      	INCF        R1, 1 
0x030A	0x0E05      	MOVLW       5
0x030C	0x6E00      	MOVWF       R0 
0x030E	0xF003C001  	MOVFF       R1, R3
0x0312	0x5000      	MOVF        R0, 0 
L__butonIsle108:
0x0314	0xE004      	BZ          L__butonIsle109
0x0316	0x3603      	RLCF        R3, 1 
0x0318	0x9003      	BCF         R3, 0 
0x031A	0x0FFF      	ADDLW       255
0x031C	0xD7FB      	BRA         L__butonIsle108
L__butonIsle109:
0x031E	0x6A02      	CLRF        R2 
0x0320	0xB481      	BTFSC       PORTB, 2 
0x0322	0x2A02      	INCF        R2, 1 
0x0324	0xF000C002  	MOVFF       R2, R0
0x0328	0x3600      	RLCF        R0, 1 
0x032A	0x9000      	BCF         R0, 0 
0x032C	0x3600      	RLCF        R0, 1 
0x032E	0x9000      	BCF         R0, 0 
0x0330	0x3600      	RLCF        R0, 1 
0x0332	0x9000      	BCF         R0, 0 
0x0334	0x3600      	RLCF        R0, 1 
0x0336	0x9000      	BCF         R0, 0 
0x0338	0x5000      	MOVF        R0, 0 
0x033A	0x2603      	ADDWF       R3, 1 
0x033C	0x6A02      	CLRF        R2 
0x033E	0xB082      	BTFSC       PORTC, 0 
0x0340	0x2A02      	INCF        R2, 1 
0x0342	0xF000C002  	MOVFF       R2, R0
0x0346	0x3600      	RLCF        R0, 1 
0x0348	0x9000      	BCF         R0, 0 
0x034A	0x3600      	RLCF        R0, 1 
0x034C	0x9000      	BCF         R0, 0 
0x034E	0x3600      	RLCF        R0, 1 
0x0350	0x9000      	BCF         R0, 0 
0x0352	0x5000      	MOVF        R0, 0 
0x0354	0x2603      	ADDWF       R3, 1 
0x0356	0x6A02      	CLRF        R2 
0x0358	0xB084      	BTFSC       PORTE, 0 
0x035A	0x2A02      	INCF        R2, 1 
0x035C	0xF000C002  	MOVFF       R2, R0
0x0360	0x3600      	RLCF        R0, 1 
0x0362	0x9000      	BCF         R0, 0 
0x0364	0x3600      	RLCF        R0, 1 
0x0366	0x9000      	BCF         R0, 0 
0x0368	0x5000      	MOVF        R0, 0 
0x036A	0x2603      	ADDWF       R3, 1 
0x036C	0x6A02      	CLRF        R2 
0x036E	0xBE80      	BTFSC       PORTA, 7 
0x0370	0x2A02      	INCF        R2, 1 
0x0372	0xF000C002  	MOVFF       R2, R0
0x0376	0x3600      	RLCF        R0, 1 
0x0378	0x9000      	BCF         R0, 0 
0x037A	0x5000      	MOVF        R0, 0 
0x037C	0x2403      	ADDWF       R3, 0 
0x037E	0x6E01      	MOVWF       R1 
0x0380	0x6A00      	CLRF        R0 
0x0382	0xB484      	BTFSC       PORTE, 2 
0x0384	0x2A00      	INCF        R0, 1 
0x0386	0x5001      	MOVF        R1, 0 
0x0388	0x2600      	ADDWF       R0, 1 
0x038A	0xF01CC000  	MOVFF       R0, _d1
;Tx.c,184 :: 		RXBUFF[5]= d0;
0x038E	0xF022C004  	MOVFF       R4, _RXBUFF+5
;Tx.c,185 :: 		RXBUFF[6]= d1;
0x0392	0xF023C000  	MOVFF       R0, _RXBUFF+6
;Tx.c,186 :: 		for(paketSay = 0; paketSay <7; paketSay++)
0x0396	0x6A18      	CLRF        _paketSay 
L_butonIsle57:
0x0398	0x0E07      	MOVLW       7
0x039A	0x5C18      	SUBWF       _paketSay, 0 
0x039C	0xE210      	BC          L_butonIsle58
;Tx.c,188 :: 		while(!PIR1.TXIF)
L_butonIsle60:
0x039E	0xB89E      	BTFSC       PIR1, 4 
0x03A0	0xD002      	BRA         L_butonIsle61
;Tx.c,190 :: 		hataTemizle();
0x03A2	0xDEAE      	RCALL       _hataTemizle
;Tx.c,191 :: 		}
0x03A4	0xD7FC      	BRA         L_butonIsle60
L_butonIsle61:
;Tx.c,192 :: 		TXREG=(RXBUFF[paketSay]);
0x03A6	0x0E1D      	MOVLW       _RXBUFF
0x03A8	0x6EE9      	MOVWF       FSR0L 
0x03AA	0x0E00      	MOVLW       hi_addr(_RXBUFF)
0x03AC	0x6EEA      	MOVWF       FSR0H 
0x03AE	0x5018      	MOVF        _paketSay, 0 
0x03B0	0x26E9      	ADDWF       FSR0L, 1 
0x03B2	0xB0D8      	BTFSC       STATUS, 0 
0x03B4	0x2AEA      	INCF        FSR0H, 1 
0x03B6	0xFFADCFEE  	MOVFF       POSTINC0, TXREG
;Tx.c,186 :: 		for(paketSay = 0; paketSay <7; paketSay++)
0x03BA	0x2A18      	INCF        _paketSay, 1 
;Tx.c,193 :: 		}
0x03BC	0xD7ED      	BRA         L_butonIsle57
L_butonIsle58:
;Tx.c,194 :: 		paketSay=0;
0x03BE	0x6A18      	CLRF        _paketSay 
;Tx.c,195 :: 		if(ledSayac<10){acik_led=1;}
0x03C0	0x0E0A      	MOVLW       10
0x03C2	0x5C2B      	SUBWF       _ledSayac, 0 
0x03C4	0xE202      	BC          L_butonIsle62
0x03C6	0x8083      	BSF         PORTD, 0 
0x03C8	0xD001      	BRA         L_butonIsle63
L_butonIsle62:
;Tx.c,196 :: 		else {acik_led=0;}
0x03CA	0x9083      	BCF         PORTD, 0 
L_butonIsle63:
;Tx.c,197 :: 		if(ledSayac==20){ledSayac=0;}
0x03CC	0x502B      	MOVF        _ledSayac, 0 
0x03CE	0x0A14      	XORLW       20
0x03D0	0xE101      	BNZ         L_butonIsle64
0x03D2	0x6A2B      	CLRF        _ledSayac 
L_butonIsle64:
;Tx.c,198 :: 		Delay_ms(10);
0x03D4	0x0E0D      	MOVLW       13
0x03D6	0x6E0C      	MOVWF       R12, 0
0x03D8	0x0EFB      	MOVLW       251
0x03DA	0x6E0D      	MOVWF       R13, 0
L_butonIsle65:
0x03DC	0x2E0D      	DECFSZ      R13, 1, 0
0x03DE	0xD7FE      	BRA         L_butonIsle65
0x03E0	0x2E0C      	DECFSZ      R12, 1, 0
0x03E2	0xD7FC      	BRA         L_butonIsle65
0x03E4	0x0000      	NOP
0x03E6	0x0000      	NOP
;Tx.c,199 :: 		}
L_butonIsle56:
;Tx.c,200 :: 		}
0x03E8	0xD02F      	BRA         L_butonIsle66
L_butonIsle29:
;Tx.c,203 :: 		if(d0!=64)
0x03EA	0x501B      	MOVF        _d0, 0 
0x03EC	0x0A40      	XORLW       64
0x03EE	0xE02C      	BZ          L_butonIsle67
;Tx.c,205 :: 		acil_led=0;
0x03F0	0x9283      	BCF         PORTD, 1 
;Tx.c,206 :: 		acik_led=0;
0x03F2	0x9083      	BCF         PORTD, 0 
;Tx.c,207 :: 		RXBUFF[5]=255;
0x03F4	0x0EFF      	MOVLW       255
0x03F6	0x6E22      	MOVWF       _RXBUFF+5 
;Tx.c,208 :: 		RXBUFF[6]=0;
0x03F8	0x6A23      	CLRF        _RXBUFF+6 
;Tx.c,209 :: 		if(durSayac<30)
0x03FA	0x0E00      	MOVLW       0
0x03FC	0x5C2A      	SUBWF       _durSayac+1, 0 
0x03FE	0xE102      	BNZ         L__butonIsle110
0x0400	0x0E1E      	MOVLW       30
0x0402	0x5C29      	SUBWF       _durSayac, 0 
L__butonIsle110:
0x0404	0xE221      	BC          L_butonIsle68
;Tx.c,211 :: 		for(paketSay = 0; paketSay <7; paketSay++)
0x0406	0x6A18      	CLRF        _paketSay 
L_butonIsle69:
0x0408	0x0E07      	MOVLW       7
0x040A	0x5C18      	SUBWF       _paketSay, 0 
0x040C	0xE210      	BC          L_butonIsle70
;Tx.c,213 :: 		while(!PIR1.TXIF)
L_butonIsle72:
0x040E	0xB89E      	BTFSC       PIR1, 4 
0x0410	0xD002      	BRA         L_butonIsle73
;Tx.c,215 :: 		hataTemizle();
0x0412	0xDE76      	RCALL       _hataTemizle
;Tx.c,216 :: 		}
0x0414	0xD7FC      	BRA         L_butonIsle72
L_butonIsle73:
;Tx.c,217 :: 		TXREG=(RXBUFF[paketSay]);
0x0416	0x0E1D      	MOVLW       _RXBUFF
0x0418	0x6EE9      	MOVWF       FSR0L 
0x041A	0x0E00      	MOVLW       hi_addr(_RXBUFF)
0x041C	0x6EEA      	MOVWF       FSR0H 
0x041E	0x5018      	MOVF        _paketSay, 0 
0x0420	0x26E9      	ADDWF       FSR0L, 1 
0x0422	0xB0D8      	BTFSC       STATUS, 0 
0x0424	0x2AEA      	INCF        FSR0H, 1 
0x0426	0xFFADCFEE  	MOVFF       POSTINC0, TXREG
;Tx.c,211 :: 		for(paketSay = 0; paketSay <7; paketSay++)
0x042A	0x2A18      	INCF        _paketSay, 1 
;Tx.c,218 :: 		}
0x042C	0xD7ED      	BRA         L_butonIsle69
L_butonIsle70:
;Tx.c,219 :: 		paketSay=0;
0x042E	0x6A18      	CLRF        _paketSay 
;Tx.c,220 :: 		Delay_ms(10);
0x0430	0x0E0D      	MOVLW       13
0x0432	0x6E0C      	MOVWF       R12, 0
0x0434	0x0EFB      	MOVLW       251
0x0436	0x6E0D      	MOVWF       R13, 0
L_butonIsle74:
0x0438	0x2E0D      	DECFSZ      R13, 1, 0
0x043A	0xD7FE      	BRA         L_butonIsle74
0x043C	0x2E0C      	DECFSZ      R12, 1, 0
0x043E	0xD7FC      	BRA         L_butonIsle74
0x0440	0x0000      	NOP
0x0442	0x0000      	NOP
;Tx.c,221 :: 		durSayac++;
0x0444	0x4A29      	INFSNZ      _durSayac, 1 
0x0446	0x2A2A      	INCF        _durSayac+1, 1 
;Tx.c,222 :: 		}
L_butonIsle68:
;Tx.c,223 :: 		}
L_butonIsle67:
;Tx.c,224 :: 		}
L_butonIsle66:
;Tx.c,225 :: 		}
L_butonIsle26:
;Tx.c,227 :: 		}
0x0448	0x0012      	RETURN      0
; end of _butonIsle
___CC2DW:
;__Lib_System.c,21 :: 		
;__Lib_System.c,23 :: 		
_CC2DL_Loop1:
;__Lib_System.c,24 :: 		
0x044A	0x0009      	TBLRD*+
;__Lib_System.c,25 :: 		
0x044C	0xFFE6CFF5  	MOVFF       TABLAT, POSTINC1
;__Lib_System.c,26 :: 		
0x0450	0x0600      	DECF        R0, 1, 0
;__Lib_System.c,27 :: 		
0x0452	0xE1FB      	BNZ         _CC2DL_Loop1
;__Lib_System.c,28 :: 		
0x0454	0x0601      	DECF        R1, 1, 0
;__Lib_System.c,29 :: 		
0x0456	0xE1F9      	BNZ         _CC2DL_Loop1
;__Lib_System.c,31 :: 		
L_end___CC2DW:
0x0458	0x0012      	RETURN      0
; end of ___CC2DW
_Ayarlar:
;Tx.c,79 :: 		void Ayarlar()
;Tx.c,81 :: 		ANSEL=0;
0x045A	0x6A7E      	CLRF        ANSEL 
;Tx.c,82 :: 		ANSELH=0;  //Tüm pinler dijital
0x045C	0x6A7F      	CLRF        ANSELH 
;Tx.c,83 :: 		TRISA.B6=1; TRISA.B7=1; TRISB.B0=1; TRISB.B2=1; TRISB.B3=1, TRISB.B4=1; TRISC.B0=1; TRISC.B1=1; TRISC.B2=1; TRISC.B3=1; TRISD.B0=0;
0x045E	0x8C92      	BSF         TRISA, 6 
0x0460	0x8E92      	BSF         TRISA, 7 
0x0462	0x8093      	BSF         TRISB, 0 
0x0464	0x8493      	BSF         TRISB, 2 
0x0466	0x8693      	BSF         TRISB, 3 
0x0468	0x8893      	BSF         TRISB, 4 
0x046A	0x8094      	BSF         TRISC, 0 
0x046C	0x8294      	BSF         TRISC, 1 
0x046E	0x8494      	BSF         TRISC, 2 
0x0470	0x8694      	BSF         TRISC, 3 
0x0472	0x9095      	BCF         TRISD, 0 
;Tx.c,84 :: 		TRISD.B1=0; TRISD.B2=1; TRISD.B3=0; TRISD.B4=0; TRISD.B5=0; TRISE.B0=1; TRISE.B1=1; TRISE.B2=1;
0x0474	0x9295      	BCF         TRISD, 1 
0x0476	0x8495      	BSF         TRISD, 2 
0x0478	0x9695      	BCF         TRISD, 3 
0x047A	0x9895      	BCF         TRISD, 4 
0x047C	0x9A95      	BCF         TRISD, 5 
0x047E	0x8096      	BSF         TRISE, 0 
0x0480	0x8296      	BSF         TRISE, 1 
0x0482	0x8496      	BSF         TRISE, 2 
;Tx.c,85 :: 		PORTA=0;
0x0484	0x6A80      	CLRF        PORTA 
;Tx.c,86 :: 		PORTB=0;
0x0486	0x6A81      	CLRF        PORTB 
;Tx.c,87 :: 		PORTC=0;
0x0488	0x6A82      	CLRF        PORTC 
;Tx.c,88 :: 		PORTD=0;
0x048A	0x6A83      	CLRF        PORTD 
;Tx.c,89 :: 		PORTE=0;
0x048C	0x6A84      	CLRF        PORTE 
;Tx.c,90 :: 		HLVDCON=0b00010010; // HLVD Modülü aktif 2.0
0x048E	0x0E12      	MOVLW       18
0x0490	0x6ED2      	MOVWF       HLVDCON 
;Tx.c,91 :: 		INTCON.PEIE=1;
0x0492	0x8CF2      	BSF         INTCON, 6 
;Tx.c,92 :: 		INTCON.GIE=1;  //Global kesmeler açýk
0x0494	0x8EF2      	BSF         INTCON, 7 
;Tx.c,93 :: 		PIE2.HLVDIE=1; //HLVD Kesmesi açýldý
0x0496	0x84A0      	BSF         PIE2, 2 
;Tx.c,94 :: 		ADCON0.ADON=0; //ADC modülü tamamen kapatýldý
0x0498	0x90C2      	BCF         ADCON0, 0 
;Tx.c,95 :: 		CM1CON0.C1ON=0;
0x049A	0x9E7B      	BCF         CM1CON0, 7 
;Tx.c,96 :: 		CM2CON0.C2ON=0; //Comparatorler kapatýldý
0x049C	0x9E7A      	BCF         CM2CON0, 7 
;Tx.c,100 :: 		UART1_INIT(9600);
0x049E	0x0E19      	MOVLW       25
0x04A0	0x6EAF      	MOVWF       SPBRG 
0x04A2	0x84AC      	BSF         TXSTA, 2, 0
0x04A4	0xDE02      	RCALL       _UART1_Init
;Tx.c,101 :: 		Delay_ms(100); //usart modülü stabilizasyon zamaný
0x04A6	0x0E82      	MOVLW       130
0x04A8	0x6E0C      	MOVWF       R12, 0
0x04AA	0x0EDD      	MOVLW       221
0x04AC	0x6E0D      	MOVWF       R13, 0
L_Ayarlar14:
0x04AE	0x2E0D      	DECFSZ      R13, 1, 0
0x04B0	0xD7FE      	BRA         L_Ayarlar14
0x04B2	0x2E0C      	DECFSZ      R12, 1, 0
0x04B4	0xD7FC      	BRA         L_Ayarlar14
0x04B6	0x0000      	NOP
0x04B8	0x0000      	NOP
;Tx.c,113 :: 		acik_led=1;
0x04BA	0x8083      	BSF         PORTD, 0 
;Tx.c,114 :: 		}
0x04BC	0x0012      	RETURN      0
; end of _Ayarlar
_main:
0x04BE	0xF002ECD9  	CALL        1458, 0
;Tx.c,228 :: 		void main()
;Tx.c,230 :: 		OSCCON=0b01010111;                //4Mhz dahili osilatör
0x04C2	0x0E57      	MOVLW       87
0x04C4	0x6ED3      	MOVWF       OSCCON 
;Tx.c,231 :: 		OSCTUNE=0b10011111;
0x04C6	0x0E9F      	MOVLW       159
0x04C8	0x6E9B      	MOVWF       OSCTUNE 
;Tx.c,232 :: 		Ayarlar();
0x04CA	0xDFC7      	RCALL       _Ayarlar
;Tx.c,233 :: 		RXBUFF[0] = 0x55;
0x04CC	0x0E55      	MOVLW       85
0x04CE	0x6E1D      	MOVWF       _RXBUFF 
;Tx.c,234 :: 		RXBUFF[1] = HEDEFID1;
0x04D0	0xF01EC026  	MOVFF       _HEDEFID1, _RXBUFF+1
;Tx.c,235 :: 		RXBUFF[2] = HEDEFID2;
0x04D4	0xF01FC01A  	MOVFF       _HEDEFID2, _RXBUFF+2
;Tx.c,236 :: 		RXBUFF[3] = HEDEFID3;
0x04D8	0xF020C019  	MOVFF       _HEDEFID3, _RXBUFF+3
;Tx.c,237 :: 		RXBUFF[4] = 0x11;
0x04DC	0x0E11      	MOVLW       17
0x04DE	0x6E21      	MOVWF       _RXBUFF+4 
;Tx.c,238 :: 		RXBUFF[5] = 0;
0x04E0	0x6A22      	CLRF        _RXBUFF+5 
;Tx.c,239 :: 		RXBUFF[6] = 0;
0x04E2	0x6A23      	CLRF        _RXBUFF+6 
;Tx.c,240 :: 		RXBUFF[7] = 85;
0x04E4	0x0E55      	MOVLW       85
0x04E6	0x6E24      	MOVWF       _RXBUFF+7 
;Tx.c,241 :: 		for(dlySayac=0;dlySayac<100;dlySayac++)
0x04E8	0x6A2E      	CLRF        _dlySayac 
0x04EA	0x6A2F      	CLRF        _dlySayac+1 
L_main75:
0x04EC	0x0E00      	MOVLW       0
0x04EE	0x5C2F      	SUBWF       _dlySayac+1, 0 
0x04F0	0xE102      	BNZ         L__main111
0x04F2	0x0E64      	MOVLW       100
0x04F4	0x5C2E      	SUBWF       _dlySayac, 0 
L__main111:
0x04F6	0xE20C      	BC          L_main76
;Tx.c,243 :: 		delay_ms(1);
0x04F8	0x0E02      	MOVLW       2
0x04FA	0x6E0C      	MOVWF       R12, 0
0x04FC	0x0E4B      	MOVLW       75
0x04FE	0x6E0D      	MOVWF       R13, 0
L_main78:
0x0500	0x2E0D      	DECFSZ      R13, 1, 0
0x0502	0xD7FE      	BRA         L_main78
0x0504	0x2E0C      	DECFSZ      R12, 1, 0
0x0506	0xD7FC      	BRA         L_main78
;Tx.c,244 :: 		asm CLRWDT;
0x0508	0x0004      	CLRWDT
;Tx.c,241 :: 		for(dlySayac=0;dlySayac<100;dlySayac++)
0x050A	0x4A2E      	INFSNZ      _dlySayac, 1 
0x050C	0x2A2F      	INCF        _dlySayac+1, 1 
;Tx.c,245 :: 		}
0x050E	0xD7EE      	BRA         L_main75
L_main76:
;Tx.c,246 :: 		dlySayac=0;
0x0510	0x6A2E      	CLRF        _dlySayac 
0x0512	0x6A2F      	CLRF        _dlySayac+1 
;Tx.c,247 :: 		while(1)
L_main79:
;Tx.c,249 :: 		butonIsle();
0x0514	0xDE02      	RCALL       _butonIsle
;Tx.c,250 :: 		asm CLRWDT;
0x0516	0x0004      	CLRWDT
;Tx.c,251 :: 		uykuSayac1++;
0x0518	0x4A24      	INFSNZ      _uykuSayac1, 1 
0x051A	0x2A25      	INCF        _uykuSayac1+1, 1 
;Tx.c,252 :: 		if(uykuSayac1>2000)   //testler için 2000 yerine 200 yaptým. 6 saniyede uykuya girecek
0x051C	0x5025      	MOVF        _uykuSayac1+1, 0 
0x051E	0x0807      	SUBLW       7
0x0520	0xE102      	BNZ         L__main112
0x0522	0x5024      	MOVF        _uykuSayac1, 0 
0x0524	0x08D0      	SUBLW       208
L__main112:
0x0526	0xE237      	BC          L_main81
;Tx.c,254 :: 		uykuSayac1=0;
0x0528	0x6A24      	CLRF        _uykuSayac1 
0x052A	0x6A25      	CLRF        _uykuSayac1+1 
;Tx.c,255 :: 		uykuSayac2++;
0x052C	0x4A27      	INFSNZ      _uykuSayac2, 1 
0x052E	0x2A28      	INCF        _uykuSayac2+1, 1 
;Tx.c,256 :: 		if(uykuSayac2>480)  //2000*480=960.000 döngüden sonra uykuya girecek yaklaþýk 58 sn
0x0530	0x5028      	MOVF        _uykuSayac2+1, 0 
0x0532	0x0801      	SUBLW       1
0x0534	0xE102      	BNZ         L__main113
0x0536	0x5027      	MOVF        _uykuSayac2, 0 
0x0538	0x08E0      	SUBLW       224
L__main113:
0x053A	0xE22D      	BC          L_main82
;Tx.c,258 :: 		setA=1;
0x053C	0x8A83      	BSF         PORTD, 5 
;Tx.c,259 :: 		setB=1;
0x053E	0x8883      	BSF         PORTD, 4 
;Tx.c,260 :: 		acik_led=0;
0x0540	0x9083      	BCF         PORTD, 0 
;Tx.c,261 :: 		dlySayac++;
0x0542	0x4A2E      	INFSNZ      _dlySayac, 1 
0x0544	0x2A2F      	INCF        _dlySayac+1, 1 
;Tx.c,262 :: 		if(dlySayac<3)acil_led=1;
0x0546	0x0E00      	MOVLW       0
0x0548	0x5C2F      	SUBWF       _dlySayac+1, 0 
0x054A	0xE102      	BNZ         L__main114
0x054C	0x0E03      	MOVLW       3
0x054E	0x5C2E      	SUBWF       _dlySayac, 0 
L__main114:
0x0550	0xE202      	BC          L_main83
0x0552	0x8283      	BSF         PORTD, 1 
0x0554	0xD001      	BRA         L_main84
L_main83:
;Tx.c,263 :: 		else acil_led=0;
0x0556	0x9283      	BCF         PORTD, 1 
L_main84:
;Tx.c,264 :: 		if(dlySayac>50)dlySayac=0;
0x0558	0x0E00      	MOVLW       0
0x055A	0x6E00      	MOVWF       R0 
0x055C	0x502F      	MOVF        _dlySayac+1, 0 
0x055E	0x5C00      	SUBWF       R0, 0 
0x0560	0xE102      	BNZ         L__main115
0x0562	0x502E      	MOVF        _dlySayac, 0 
0x0564	0x0832      	SUBLW       50
L__main115:
0x0566	0xE202      	BC          L_main85
0x0568	0x6A2E      	CLRF        _dlySayac 
0x056A	0x6A2F      	CLRF        _dlySayac+1 
L_main85:
;Tx.c,265 :: 		delay_ms(10);
0x056C	0x0E0D      	MOVLW       13
0x056E	0x6E0C      	MOVWF       R12, 0
0x0570	0x0EFB      	MOVLW       251
0x0572	0x6E0D      	MOVWF       R13, 0
L_main86:
0x0574	0x2E0D      	DECFSZ      R13, 1, 0
0x0576	0xD7FE      	BRA         L_main86
0x0578	0x2E0C      	DECFSZ      R12, 1, 0
0x057A	0xD7FC      	BRA         L_main86
0x057C	0x0000      	NOP
0x057E	0x0000      	NOP
;Tx.c,266 :: 		asm CLRWDT;
0x0580	0x0004      	CLRWDT
;Tx.c,267 :: 		if(uykusayac2==1000)uykuSayac2=481;
0x0582	0x5028      	MOVF        _uykuSayac2+1, 0 
0x0584	0x0A03      	XORLW       3
0x0586	0xE102      	BNZ         L__main116
0x0588	0x0EE8      	MOVLW       232
0x058A	0x1827      	XORWF       _uykuSayac2, 0 
L__main116:
0x058C	0xE104      	BNZ         L_main87
0x058E	0x0EE1      	MOVLW       225
0x0590	0x6E27      	MOVWF       _uykuSayac2 
0x0592	0x0E01      	MOVLW       1
0x0594	0x6E28      	MOVWF       _uykuSayac2+1 
L_main87:
;Tx.c,268 :: 		}
L_main82:
;Tx.c,269 :: 		}
L_main81:
;Tx.c,270 :: 		}
0x0596	0xD7BE      	BRA         L_main79
;Tx.c,271 :: 		}
0x0598	0xD7FF      	BRA         $+0
; end of _main
0x05B2	0xF018EE10  	LFSR        1, 24
0x05B6	0x0E18      	MOVLW       24
0x05B8	0x6E00      	MOVWF       R0 
0x05BA	0x0E01      	MOVLW       1
0x05BC	0x6E01      	MOVWF       R1 
0x05BE	0x0E9A      	MOVLW       154
0x05C0	0x6EF6      	MOVWF       4086 
0x05C2	0x0E05      	MOVLW       5
0x05C4	0x6EF7      	MOVWF       TBLPTRH 
0x05C6	0x0E00      	MOVLW       0
0x05C8	0x6EF8      	MOVWF       TBLPTRU 
0x05CA	0xF002EC25  	CALL        1098, 0
0x05CE	0x0012      	RETURN      0
;Tx.c,0 :: ?ICS_paketSay
0x059A	0x00 ;?ICS_paketSay+0
; end of ?ICS_paketSay
;Tx.c,0 :: ?ICS_HEDEFID3
0x059B	0x2E ;?ICS_HEDEFID3+0
; end of ?ICS_HEDEFID3
;Tx.c,0 :: ?ICS_HEDEFID2
0x059C	0x2D ;?ICS_HEDEFID2+0
; end of ?ICS_HEDEFID2
;Tx.c,0 :: ?ICS_d0
0x059D	0x00 ;?ICS_d0+0
; end of ?ICS_d0
;Tx.c,0 :: ?ICS_d1
0x059E	0x00 ;?ICS_d1+0
; end of ?ICS_d1
;Tx.c,0 :: ?ICS_RXBUFF
0x059F	0x0101 ;?ICS_RXBUFF+0
0x05A1	0x0101 ;?ICS_RXBUFF+2
0x05A3	0x0101 ;?ICS_RXBUFF+4
0x05A5	0x01 ;?ICS_RXBUFF+6
; end of ?ICS_RXBUFF
;Tx.c,0 :: ?ICS_uykuSayac1
0x05A6	0x0000 ;?ICS_uykuSayac1+0
; end of ?ICS_uykuSayac1
;Tx.c,0 :: ?ICS_HEDEFID1
0x05A8	0x75 ;?ICS_HEDEFID1+0
; end of ?ICS_HEDEFID1
;Tx.c,0 :: ?ICS_uykuSayac2
0x05A9	0x0000 ;?ICS_uykuSayac2+0
; end of ?ICS_uykuSayac2
;Tx.c,0 :: ?ICS_durSayac
0x05AB	0x0000 ;?ICS_durSayac+0
; end of ?ICS_durSayac
;Tx.c,0 :: ?ICS_ledSayac
0x05AD	0x00 ;?ICS_ledSayac+0
; end of ?ICS_ledSayac
;Tx.c,0 :: ?ICS_acilSayac
0x05AE	0x00 ;?ICS_acilSayac+0
; end of ?ICS_acilSayac
;Tx.c,0 :: ?ICS_pilZayifSayac
0x05AF	0x00 ;?ICS_pilZayifSayac+0
; end of ?ICS_pilZayifSayac
;Tx.c,0 :: ?ICS_dlySayac
0x05B0	0x0000 ;?ICS_dlySayac+0
; end of ?ICS_dlySayac
Symbol List:
//** Routines locations **
//ADDRESS    SIZE    PROCEDURE
//----------------------------------------------
0x0008     [162]    _interrupt
0x00AA      [86]    _UART1_Init
0x0100      [26]    _hataTemizle
0x011A     [816]    _butonIsle
0x044A      [16]    ___CC2DW
0x045A     [100]    _Ayarlar
0x04BE     [220]    _main
//** Variables locations ** 
//ADDRESS    SIZE    VARIABLE
//----------------------------------------------
0x0000       [1]    R0
0x0000       [1]    UART1_Init_tmp_L0
0x0001       [1]    UART1_Read___tmp_UART1_Read_L0
0x0001       [1]    R1
0x0002       [1]    R2
0x0003       [1]    R3
0x0004       [1]    R4
0x0005       [1]    R5
0x0006       [1]    R6
0x0007       [1]    R7
0x0008       [1]    R8
0x0009       [1]    R9
0x000A       [1]    R10
0x000B       [1]    R11
0x000C       [1]    R12
0x000D       [1]    R13
0x000E       [1]    R14
0x000F       [1]    R15
0x0010       [1]    R16
0x0011       [1]    R17
0x0012       [1]    R18
0x0013       [1]    R19
0x0014       [1]    R20
0x0018       [1]    _paketSay
0x0019       [1]    _HEDEFID3
0x001A       [1]    _HEDEFID2
0x001B       [1]    _d0
0x001C       [1]    _d1
0x001D       [7]    _RXBUFF
0x0024       [2]    _uykuSayac1
0x0026       [1]    _HEDEFID1
0x0027       [2]    _uykuSayac2
0x0029       [2]    _durSayac
0x002B       [1]    _ledSayac
0x002C       [1]    _acilSayac
0x002D       [1]    _pilZayifSayac
0x002E       [2]    _dlySayac
0x0030       [1]    _buff
0x0031       [4]    _UART_Rd_Ptr
0x0035       [4]    _UART_Wr_Ptr
0x0039       [4]    _UART_Tx_Idle_Ptr
0x003D       [4]    _UART_Rdy_Ptr
0x0F77       [0]    MSK1_bit
0x0F77       [0]    MSK0_bit
0x0F77       [0]    MSK6_bit
0x0F77       [0]    MSK5_bit
0x0F77       [0]    MSK7_bit
0x0F77       [1]    SSPMSK
0x0F77       [0]    MSK3_bit
0x0F77       [0]    MSK2_bit
0x0F77       [0]    MSK4_bit
0x0F78       [0]    SLRE_bit
0x0F78       [0]    SLRA_bit
0x0F78       [1]    SLRCON
0x0F78       [0]    SLRB_bit
0x0F78       [0]    SLRC_bit
0x0F78       [0]    SLRD_bit
0x0F79       [0]    C1RSEL_bit
0x0F79       [0]    MC1OUT_bit
0x0F79       [0]    MC2OUT_bit
0x0F79       [1]    CM2CON1
0x0F79       [0]    C2RSEL_bit
0x0F7A       [0]    C2SP_bit
0x0F7A       [0]    C2POL_bit
0x0F7A       [0]    C2R_bit
0x0F7A       [0]    C2CH0_bit
0x0F7A       [0]    C2CH1_bit
0x0F7A       [1]    CM2CON0
0x0F7A       [0]    C2OE_bit
0x0F7A       [0]    C2OUT_CM2CON0_bit
0x0F7A       [0]    C2ON_bit
0x0F7B       [1]    CM1CON0
0x0F7B       [0]    C1OUT_CM1CON0_bit
0x0F7B       [0]    C1ON_bit
0x0F7B       [0]    C1CH1_bit
0x0F7B       [0]    C1CH0_bit
0x0F7B       [0]    C1SP_bit
0x0F7B       [0]    C1R_bit
0x0F7B       [0]    C1POL_bit
0x0F7B       [0]    C1OE_bit
0x0F7C       [0]    WPUB1_bit
0x0F7C       [0]    WPUB0_bit
0x0F7C       [1]    WPUB
0x0F7C       [0]    WPUB4_bit
0x0F7C       [0]    WPUB3_bit
0x0F7C       [0]    WPUB2_bit
0x0F7C       [0]    WPUB7_bit
0x0F7C       [0]    WPUB5_bit
0x0F7C       [0]    WPUB6_bit
0x0F7D       [1]    IOCB
0x0F7D       [0]    IOCB6_bit
0x0F7D       [0]    IOCB4_bit
0x0F7D       [0]    IOCB5_bit
0x0F7D       [0]    IOCB7_bit
0x0F7E       [0]    ANS3_bit
0x0F7E       [0]    ANS1_bit
0x0F7E       [0]    ANS2_bit
0x0F7E       [1]    ANSEL
0x0F7E       [0]    ANS0_bit
0x0F7E       [0]    ANS6_bit
0x0F7E       [0]    ANS7_bit
0x0F7E       [0]    ANS4_bit
0x0F7E       [0]    ANS5_bit
0x0F7F       [0]    ANS11_bit
0x0F7F       [0]    ANS12_bit
0x0F7F       [0]    ANS10_bit
0x0F7F       [0]    ANS9_bit
0x0F7F       [1]    ANSELH
0x0F7F       [0]    ANS8_bit
0x0F80       [0]    RA0_bit
0x0F80       [0]    HLVDIN_bit
0x0F80       [0]    AN2_bit
0x0F80       [0]    LVDIN_bit
0x0F80       [0]    AN0_bit
0x0F80       [0]    AN1_bit
0x0F80       [0]    RA5_bit
0x0F80       [0]    RA6_bit
0x0F80       [0]    RA7_bit
0x0F80       [0]    RA4_bit
0x0F80       [0]    RA1_bit
0x0F80       [0]    RA2_bit
0x0F80       [0]    RA3_bit
0x0F80       [0]    AN3_bit
0x0F80       [0]    VREFN_bit
0x0F80       [0]    C12IN1N_bit
0x0F80       [0]    C2OUT_PORTA_bit
0x0F80       [0]    C12IN0N_bit
0x0F80       [0]    VREFM_bit
0x0F80       [1]    PORTA
0x0F80       [0]    T0CKI_bit
0x0F80       [0]    VREFP_bit
0x0F80       [0]    SS_bit
0x0F80       [0]    C12IN1M_bit
0x0F80       [0]    C2INP_bit
0x0F80       [0]    CVREF_bit
0x0F80       [0]    AN4_bit
0x0F80       [0]    C12IN0M_bit
0x0F80       [0]    NOT_SS_bit
0x0F80       [0]    C1OUT_PORTA_bit
0x0F80       [0]    C1INP_bit
0x0F81       [0]    C12IN2N_bit
0x0F81       [0]    INT2_bit
0x0F81       [0]    KBI0_bit
0x0F81       [0]    CCP2_PORTB_bit
0x0F81       [0]    C12IN2M_bit
0x0F81       [0]    INT0_bit
0x0F81       [0]    INT1_bit
0x0F81       [0]    C12IN3N_bit
0x0F81       [0]    KBI1_bit
0x0F81       [0]    RB4_bit
0x0F81       [0]    RB5_bit
0x0F81       [0]    RB3_bit
0x0F81       [0]    AN9_bit
0x0F81       [0]    RB6_bit
0x0F81       [0]    AN10_bit
0x0F81       [0]    C12IN3M_bit
0x0F81       [0]    AN8_bit
0x0F81       [0]    RB7_bit
0x0F81       [0]    PGD_bit
0x0F81       [0]    PGC_bit
0x0F81       [0]    FLT0_bit
0x0F81       [1]    PORTB
0x0F81       [0]    PGM_bit
0x0F81       [0]    RB1_bit
0x0F81       [0]    RB2_bit
0x0F81       [0]    RB0_bit
0x0F81       [0]    AN11_bit
0x0F81       [0]    AN12_bit
0x0F81       [0]    KBI2_bit
0x0F81       [0]    KBI3_bit
0x0F82       [0]    RC3_bit
0x0F82       [0]    RC2_bit
0x0F82       [0]    SCL_bit
0x0F82       [0]    RX__bit
0x0F82       [0]    RC5_bit
0x0F82       [0]    RC4_bit
0x0F82       [1]    PORTC
0x0F82       [0]    CCP2_PORTC_bit
0x0F82       [0]    P1A_bit
0x0F82       [0]    RC1_bit
0x0F82       [0]    RC0_bit
0x0F82       [0]    T13CKI_bit
0x0F82       [0]    RC6_bit
0x0F82       [0]    T1OSI_bit
0x0F82       [0]    CK_bit
0x0F82       [0]    CCP1_bit
0x0F82       [0]    T3CKI_bit
0x0F82       [0]    T1CKI_bit
0x0F82       [0]    T1OSO_bit
0x0F82       [0]    SDO_bit
0x0F82       [0]    TX_bit
0x0F82       [0]    RC7_bit
0x0F82       [0]    SCK_bit
0x0F82       [0]    SDI_bit
0x0F82       [0]    SDA_bit
0x0F83       [0]    RD2_bit
0x0F83       [0]    RD1_bit
0x0F83       [0]    RD3_bit
0x0F83       [0]    PSP7_bit
0x0F83       [0]    RD4_bit
0x0F83       [1]    PORTD
0x0F83       [0]    P1D_bit
0x0F83       [0]    P1C_bit
0x0F83       [0]    RD0_bit
0x0F83       [0]    P1B_bit
0x0F83       [0]    PSP2_bit
0x0F83       [0]    PSP1_bit
0x0F83       [0]    PSP3_bit
0x0F83       [0]    PSP4_bit
0x0F83       [0]    PSP5_bit
0x0F83       [0]    RD6_bit
0x0F83       [0]    RD7_bit
0x0F83       [0]    PSP0_bit
0x0F83       [0]    PSP6_bit
0x0F83       [0]    RD5_bit
0x0F84       [0]    RD_bit
0x0F84       [0]    CS_bit
0x0F84       [0]    MCLR_bit
0x0F84       [0]    AN7_bit
0x0F84       [0]    WR_bit
0x0F84       [0]    RE2_bit
0x0F84       [0]    RE3_bit
0x0F84       [0]    RE1_bit
0x0F84       [1]    PORTE
0x0F84       [0]    RE0_bit
0x0F84       [0]    NOT_MCLR_bit
0x0F84       [0]    NOT_RD_bit
0x0F84       [0]    VPP_bit
0x0F84       [0]    AN6_bit
0x0F84       [0]    NOT_WR_bit
0x0F84       [0]    NOT_CS_bit
0x0F84       [0]    AN5_bit
0x0F89       [0]    LATA4_bit
0x0F89       [0]    LATA5_bit
0x0F89       [0]    LATA1_bit
0x0F89       [0]    LATA3_bit
0x0F89       [0]    LATA0_bit
0x0F89       [0]    LATA2_bit
0x0F89       [1]    LATA
0x0F89       [0]    LATA6_bit
0x0F89       [0]    LATA7_bit
0x0F8A       [1]    LATB
0x0F8A       [0]    LATB5_bit
0x0F8A       [0]    LATB3_bit
0x0F8A       [0]    LATB0_bit
0x0F8A       [0]    LATB2_bit
0x0F8A       [0]    LATB1_bit
0x0F8A       [0]    LATB6_bit
0x0F8A       [0]    LATB7_bit
0x0F8A       [0]    LATB4_bit
0x0F8B       [0]    LATC1_bit
0x0F8B       [0]    LATC0_bit
0x0F8B       [1]    LATC
0x0F8B       [0]    LATC6_bit
0x0F8B       [0]    LATC4_bit
0x0F8B       [0]    LATC5_bit
0x0F8B       [0]    LATC2_bit
0x0F8B       [0]    LATC7_bit
0x0F8B       [0]    LATC3_bit
0x0F8C       [0]    LATD7_bit
0x0F8C       [0]    LATD2_bit
0x0F8C       [0]    LATD1_bit
0x0F8C       [0]    LATD0_bit
0x0F8C       [0]    LATD6_bit
0x0F8C       [0]    LATD3_bit
0x0F8C       [0]    LATD5_bit
0x0F8C       [1]    LATD
0x0F8C       [0]    LATD4_bit
0x0F8D       [1]    LATE
0x0F8D       [0]    LATE2_bit
0x0F8D       [0]    LATE1_bit
0x0F8D       [0]    LATE0_bit
0x0F92       [0]    TRISA2_bit
0x0F92       [0]    TRISA1_bit
0x0F92       [0]    TRISA0_bit
0x0F92       [1]    TRISA
0x0F92       [0]    TRISA3_bit
0x0F92       [0]    TRISA6_bit
0x0F92       [0]    TRISA7_bit
0x0F92       [0]    TRISA4_bit
0x0F92       [0]    TRISA5_bit
0x0F93       [0]    TRISB7_bit
0x0F93       [1]    TRISB
0x0F93       [0]    TRISB0_bit
0x0F93       [0]    TRISB4_bit
0x0F93       [0]    TRISB1_bit
0x0F93       [0]    TRISB2_bit
0x0F93       [0]    TRISB6_bit
0x0F93       [0]    TRISB5_bit
0x0F93       [0]    TRISB3_bit
0x0F94       [1]    TRISC
0x0F94       [0]    TRISC7_bit
0x0F94       [0]    TRISC6_bit
0x0F94       [0]    TRISC5_bit
0x0F94       [0]    TRISC2_bit
0x0F94       [0]    TRISC1_bit
0x0F94       [0]    TRISC0_bit
0x0F94       [0]    TRISC4_bit
0x0F94       [0]    TRISC3_bit
0x0F95       [0]    TRISD0_bit
0x0F95       [0]    TRISD1_bit
0x0F95       [0]    TRISD7_bit
0x0F95       [0]    TRISD4_bit
0x0F95       [0]    TRISD5_bit
0x0F95       [0]    TRISD3_bit
0x0F95       [1]    TRISD
0x0F95       [0]    TRISD2_bit
0x0F95       [0]    TRISD6_bit
0x0F96       [0]    PSPMODE_TRISE_bit
0x0F96       [1]    TRISE
0x0F96       [0]    IBF_TRISE_bit
0x0F96       [0]    IBOV_TRISE_bit
0x0F96       [0]    OBF_TRISE_bit
0x0F96       [0]    TRISE0_bit
0x0F96       [0]    TRISE1_bit
0x0F96       [0]    TRISE2_bit
0x0F9B       [0]    INTSRC_bit
0x0F9B       [0]    TUN4_bit
0x0F9B       [0]    PLLEN_bit
0x0F9B       [0]    TUN0_bit
0x0F9B       [0]    TUN3_bit
0x0F9B       [1]    OSCTUNE
0x0F9B       [0]    TUN1_bit
0x0F9B       [0]    TUN2_bit
0x0F9B       [0]    TUN5_bit
0x0F9D       [0]    PSPIE_bit
0x0F9D       [0]    TMR1IE_bit
0x0F9D       [1]    PIE1
0x0F9D       [0]    SSPIE_bit
0x0F9D       [0]    TXIE_bit
0x0F9D       [0]    RCIE_bit
0x0F9D       [0]    CCP1IE_bit
0x0F9D       [0]    ADIE_bit
0x0F9D       [0]    TMR2IE_bit
0x0F9E       [0]    SSPIF_bit
0x0F9E       [0]    RCIF_bit
0x0F9E       [0]    TMR2IF_bit
0x0F9E       [0]    CCP1IF_bit
0x0F9E       [0]    TXIF_bit
0x0F9E       [0]    PSPIF_bit
0x0F9E       [0]    ADIF_bit
0x0F9E       [1]    PIR1
0x0F9E       [0]    TMR1IF_bit
0x0F9F       [0]    CCP1IP_bit
0x0F9F       [0]    TXIP_bit
0x0F9F       [0]    ADIP_bit
0x0F9F       [0]    RCIP_bit
0x0F9F       [0]    SSPIP_bit
0x0F9F       [1]    IPR1
0x0F9F       [0]    TMR2IP_bit
0x0F9F       [0]    TMR1IP_bit
0x0F9F       [0]    PSPIP_bit
0x0FA0       [1]    PIE2
0x0FA0       [0]    OSCFIE_bit
0x0FA0       [0]    LVDIE_bit
0x0FA0       [0]    TMR3IE_bit
0x0FA0       [0]    C2IE_bit
0x0FA0       [0]    EEIE_bit
0x0FA0       [0]    C1IE_bit
0x0FA0       [0]    BCLIE_bit
0x0FA0       [0]    CCP2IE_bit
0x0FA0       [0]    HLVDIE_bit
0x0FA1       [0]    CCP2IF_bit
0x0FA1       [1]    PIR2
0x0FA1       [0]    HLVDIF_bit
0x0FA1       [0]    LVDIF_bit
0x0FA1       [0]    C2IF_bit
0x0FA1       [0]    C1IF_bit
0x0FA1       [0]    TMR3IF_bit
0x0FA1       [0]    OSCFIF_bit
0x0FA1       [0]    BCLIF_bit
0x0FA1       [0]    EEIF_bit
0x0FA2       [1]    IPR2
0x0FA2       [0]    BCLIP_bit
0x0FA2       [0]    CCP2IP_bit
0x0FA2       [0]    HLVDIP_bit
0x0FA2       [0]    TMR3IP_bit
0x0FA2       [0]    C1IP_bit
0x0FA2       [0]    LVDIP_bit
0x0FA2       [0]    C2IP_bit
0x0FA2       [0]    OSCFIP_bit
0x0FA2       [0]    EEIP_bit
0x0FA6       [0]    CFGS_bit
0x0FA6       [0]    RD_EECON1_bit
0x0FA6       [0]    WREN_bit
0x0FA6       [0]    EEPGD_bit
0x0FA6       [0]    WRERR_bit
0x0FA6       [0]    WR_EECON1_bit
0x0FA6       [1]    EECON1
0x0FA6       [0]    FREE_bit
0x0FA7       [1]    EECON2
0x0FA8       [1]    EEDATA
0x0FA9       [0]    EEADR5_bit
0x0FA9       [0]    EEADR3_bit
0x0FA9       [0]    EEADR1_bit
0x0FA9       [0]    EEADR6_bit
0x0FA9       [0]    EEADR2_bit
0x0FA9       [0]    EEADR7_bit
0x0FA9       [1]    EEADR
0x0FA9       [0]    EEADR4_bit
0x0FA9       [0]    EEADR0_bit
0x0FAA       [0]    EEADR9_bit
0x0FAA       [0]    EEADR8_bit
0x0FAA       [1]    EEADRH
0x0FAB       [0]    CREN_bit
0x0FAB       [0]    FERR_bit
0x0FAB       [0]    ADEN_bit
0x0FAB       [0]    OERR_bit
0x0FAB       [0]    RX9D_bit
0x0FAB       [0]    RX9_bit
0x0FAB       [0]    SREN_bit
0x0FAB       [0]    SPEN_bit
0x0FAB       [1]    RCSTA
0x0FAB       [0]    ADDEN_bit
0x0FAC       [0]    TX9_bit
0x0FAC       [0]    BRGH_bit
0x0FAC       [0]    SENDB_bit
0x0FAC       [0]    SYNC_bit
0x0FAC       [0]    TXEN_bit
0x0FAC       [1]    TXSTA
0x0FAC       [0]    TX9D_bit
0x0FAC       [0]    CSRC_bit
0x0FAC       [0]    TRMT_bit
0x0FAD       [1]    TXREG
0x0FAE       [1]    RCREG
0x0FAF       [1]    SPBRG
0x0FB0       [1]    SPBRGH
0x0FB1       [0]    TMR3CS_bit
0x0FB1       [0]    T3CKPS0_bit
0x0FB1       [1]    T3CON
0x0FB1       [0]    NOT_T3SYNC_bit
0x0FB1       [0]    RD16_bit
0x0FB1       [0]    T3SYNC_bit
0x0FB1       [0]    TMR3ON_bit
0x0FB1       [0]    T3CKPS1_bit
0x0FB1       [0]    T3CCP1_bit
0x0FB1       [0]    T3CCP2_bit
0x0FB2       [1]    TMR3L
0x0FB3       [1]    TMR3H
0x0FB4       [1]    CVRCON2
0x0FB4       [0]    FVRST_bit
0x0FB4       [0]    FVREN_bit
0x0FB5       [0]    CVR3_bit
0x0FB5       [0]    CVRSS_bit
0x0FB5       [0]    CVROE_bit
0x0FB5       [0]    CVREN_bit
0x0FB5       [0]    CVR2_bit
0x0FB5       [0]    CVR1_bit
0x0FB5       [1]    CVRCON
0x0FB5       [0]    CVR0_bit
0x0FB5       [0]    CVRR_bit
0x0FB6       [0]    PSSBD0_bit
0x0FB6       [0]    PSSBD1_bit
0x0FB6       [1]    ECCP1AS
0x0FB6       [0]    ECCPASE_bit
0x0FB6       [0]    PSSAC0_bit
0x0FB6       [0]    ECCPAS1_bit
0x0FB6       [0]    ECCPAS2_bit
0x0FB6       [0]    PSSAC1_bit
0x0FB6       [0]    ECCPAS0_bit
0x0FB7       [0]    PDC1_bit
0x0FB7       [0]    PDC5_bit
0x0FB7       [0]    PDC3_bit
0x0FB7       [0]    PDC2_bit
0x0FB7       [0]    PDC0_bit
0x0FB7       [0]    PDC4_bit
0x0FB7       [0]    PRSEN_bit
0x0FB7       [1]    PWM1CON
0x0FB7       [0]    PDC6_bit
0x0FB8       [0]    SCKP_bit
0x0FB8       [0]    ABDEN_bit
0x0FB8       [1]    BAUDCON
0x0FB8       [1]    BAUDCTL
0x0FB8       [0]    CKTXP_bit
0x0FB8       [0]    BRG16_bit
0x0FB8       [0]    WUE_bit
0x0FB8       [0]    ABDOVF_bit
0x0FB8       [0]    DTRXP_bit
0x0FB8       [0]    RCIDL_bit
0x0FB9       [0]    STRB_bit
0x0FB9       [0]    STRA_bit
0x0FB9       [0]    STRSYNC_bit
0x0FB9       [0]    STRC_bit
0x0FB9       [0]    STRD_bit
0x0FB9       [1]    PSTRCON
0x0FBA       [0]    CCP2M0_bit
0x0FBA       [0]    CCP2M3_bit
0x0FBA       [0]    CCP2M2_bit
0x0FBA       [0]    DC2B1_bit
0x0FBA       [0]    DC2B0_bit
0x0FBA       [1]    CCP2CON
0x0FBA       [0]    CCP2M1_bit
0x0FBB       [2]    CCPR2
0x0FBB       [1]    CCPR2L
0x0FBC       [1]    CCPR2H
0x0FBD       [0]    DC1B0_bit
0x0FBD       [0]    P1M0_bit
0x0FBD       [0]    P1M1_bit
0x0FBD       [0]    DC1B1_bit
0x0FBD       [0]    CCP1M3_bit
0x0FBD       [0]    CCP1M0_bit
0x0FBD       [1]    CCP1CON
0x0FBD       [0]    CCP1M2_bit
0x0FBD       [0]    CCP1M1_bit
0x0FBE       [1]    CCPR1L
0x0FBE       [2]    CCPR1
0x0FBF       [1]    CCPR1H
0x0FC0       [0]    ACQT2_bit
0x0FC0       [0]    ACQT1_bit
0x0FC0       [0]    ADCS1_bit
0x0FC0       [1]    ADCON2
0x0FC0       [0]    ADCS2_bit
0x0FC0       [0]    ADCS0_bit
0x0FC0       [0]    ACQT0_bit
0x0FC0       [0]    ADFM_bit
0x0FC1       [1]    ADCON1
0x0FC1       [0]    VCFG0_bit
0x0FC1       [0]    VCFG1_bit
0x0FC2       [0]    DONE_bit
0x0FC2       [0]    GO_bit
0x0FC2       [0]    CHS1_bit
0x0FC2       [0]    GO_DONE_bit
0x0FC2       [0]    GO_NOT_DONE_bit
0x0FC2       [1]    ADCON0
0x0FC2       [0]    CHS2_bit
0x0FC2       [0]    CHS3_bit
0x0FC2       [0]    CHS0_bit
0x0FC2       [0]    NOT_DONE_bit
0x0FC2       [0]    ADON_bit
0x0FC3       [1]    ADRESL
0x0FC3       [2]    ADRES
0x0FC4       [1]    ADRESH
0x0FC5       [0]    ACKEN_bit
0x0FC5       [0]    PEN_bit
0x0FC5       [0]    ACKDT_bit
0x0FC5       [0]    RCEN_bit
0x0FC5       [1]    SSPCON2
0x0FC5       [0]    ACKSTAT_bit
0x0FC5       [0]    RSEN_bit
0x0FC5       [0]    SEN_bit
0x0FC5       [0]    GCEN_bit
0x0FC6       [0]    SSPM1_bit
0x0FC6       [1]    SSPCON1
0x0FC6       [0]    SSPM2_bit
0x0FC6       [0]    SSPEN_bit
0x0FC6       [0]    SSPM3_bit
0x0FC6       [0]    WCOL_bit
0x0FC6       [0]    CKP_bit
0x0FC6       [0]    SSPOV_bit
0x0FC6       [0]    SSPM0_bit
0x0FC7       [0]    UA_bit
0x0FC7       [0]    R_bit
0x0FC7       [0]    CKE_bit
0x0FC7       [0]    P_bit
0x0FC7       [0]    D_NOT_A_bit
0x0FC7       [0]    S_bit
0x0FC7       [0]    R_NOT_W_bit
0x0FC7       [0]    SMP_bit
0x0FC7       [1]    SSPSTAT
0x0FC7       [0]    NOT_W_bit
0x0FC7       [0]    START_bit
0x0FC7       [0]    NOT_ADDRESS_bit
0x0FC7       [0]    STOP__bit
0x0FC7       [0]    NOT_WRITE_bit
0x0FC7       [0]    R_W_bit
0x0FC7       [0]    BF_bit
0x0FC7       [0]    NOT_A_bit
0x0FC7       [0]    D_bit
0x0FC7       [0]    D_A_bit
0x0FC8       [1]    SSPADD
0x0FC9       [1]    SSPBUF
0x0FCA       [1]    T2CON
0x0FCA       [0]    T2OUTPS0_bit
0x0FCA       [0]    T2OUTPS2_bit
0x0FCA       [0]    T2OUTPS3_bit
0x0FCA       [0]    T2OUTPS1_bit
0x0FCA       [0]    T2CKPS0_bit
0x0FCA       [0]    TMR2ON_bit
0x0FCA       [0]    T2CKPS1_bit
0x0FCB       [1]    PR2
0x0FCC       [1]    TMR2
0x0FCD       [0]    T1CKPS0_bit
0x0FCD       [1]    T1CON
0x0FCD       [0]    T1CKPS1_bit
0x0FCD       [0]    T1SYNC_bit
0x0FCD       [0]    TMR1ON_bit
0x0FCD       [0]    NOT_T1SYNC_bit
0x0FCD       [0]    TMR1CS_bit
0x0FCD       [0]    T1OSCEN_bit
0x0FCD       [0]    RD16_T1CON_bit
0x0FCD       [0]    T1RUN_bit
0x0FCE       [1]    TMR1L
0x0FCF       [1]    TMR1H
0x0FD0       [1]    RCON
0x0FD0       [0]    NOT_BOR_bit
0x0FD0       [0]    POR_bit
0x0FD0       [0]    BOR_bit
0x0FD0       [0]    PD_bit
0x0FD0       [0]    RI_bit
0x0FD0       [0]    TO__bit
0x0FD0       [0]    IPEN_bit
0x0FD0       [0]    NOT_PD_bit
0x0FD0       [0]    NOT_POR_bit
0x0FD0       [0]    NOT_TO_bit
0x0FD0       [0]    SBOREN_bit
0x0FD0       [0]    NOT_RI_bit
0x0FD1       [0]    SWDTEN_bit
0x0FD1       [0]    SWDTE_bit
0x0FD1       [1]    WDTCON
0x0FD2       [1]    HLVDCON
0x0FD2       [1]    LVDCON
0x0FD2       [0]    LVDEN_bit
0x0FD2       [0]    IVRST_bit
0x0FD2       [0]    LVDL2_bit
0x0FD2       [0]    LVDL3_bit
0x0FD2       [0]    LVV0_bit
0x0FD2       [0]    LVV3_bit
0x0FD2       [0]    BGST_bit
0x0FD2       [0]    LVV1_bit
0x0FD2       [0]    LVV2_bit
0x0FD2       [0]    VDIRMAG_bit
0x0FD2       [0]    HLVDL0_bit
0x0FD2       [0]    HLVDEN_bit
0x0FD2       [0]    IRVST_bit
0x0FD2       [0]    HLVDL1_bit
0x0FD2       [0]    LVDL0_bit
0x0FD2       [0]    LVDL1_bit
0x0FD2       [0]    HLVDL2_bit
0x0FD2       [0]    HLVDL3_bit
0x0FD3       [1]    OSCCON
0x0FD3       [0]    SCS0_bit
0x0FD3       [0]    SCS1_bit
0x0FD3       [0]    IRCF0_bit
0x0FD3       [0]    IOFS_bit
0x0FD3       [0]    OSTS_bit
0x0FD3       [0]    IDLEN_bit
0x0FD3       [0]    IRCF2_bit
0x0FD3       [0]    IRCF1_bit
0x0FD5       [0]    T0SE_bit
0x0FD5       [0]    T0CS_bit
0x0FD5       [0]    TMR0ON_bit
0x0FD5       [0]    T08BIT_bit
0x0FD5       [0]    T0PS2_bit
0x0FD5       [0]    PSA_bit
0x0FD5       [0]    T0PS0_bit
0x0FD5       [0]    T0PS1_bit
0x0FD5       [1]    T0CON
0x0FD6       [1]    TMR0L
0x0FD7       [1]    TMR0H
0x0FD8       [1]    STATUS
0x0FD8       [0]    N_bit
0x0FD8       [0]    DC_bit
0x0FD8       [0]    C_bit
0x0FD8       [0]    OV_bit
0x0FD8       [0]    Z_bit
0x0FD9       [2]    FSR2
0x0FD9       [2]    FSR2PTR
0x0FD9       [1]    FSR2L
0x0FDA       [1]    FSR2H
0x0FDB       [1]    PLUSW2
0x0FDC       [1]    PREINC2
0x0FDD       [1]    POSTDEC2
0x0FDE       [1]    POSTINC2
0x0FDF       [1]    INDF2
0x0FE0       [1]    BSR
0x0FE1       [2]    FSR1
0x0FE1       [2]    FSR1PTR
0x0FE1       [1]    FSR1L
0x0FE2       [1]    FSR1H
0x0FE3       [1]    PLUSW1
0x0FE4       [1]    PREINC1
0x0FE5       [1]    POSTDEC1
0x0FE6       [1]    POSTINC1
0x0FE7       [1]    INDF1
0x0FE8       [1]    WREG
0x0FE9       [2]    FSR0
0x0FE9       [2]    FSR0PTR
0x0FE9       [1]    FSR0L
0x0FEA       [1]    FSR0H
0x0FEB       [1]    PLUSW0
0x0FEC       [1]    PREINC0
0x0FED       [1]    POSTDEC0
0x0FEE       [1]    POSTINC0
0x0FEF       [1]    INDF0
0x0FF0       [0]    INT2IE_bit
0x0FF0       [0]    INT1IP_bit
0x0FF0       [0]    INT2IP_bit
0x0FF0       [0]    INT1IF_bit
0x0FF0       [0]    INT2IF_bit
0x0FF0       [0]    INT1IE_bit
0x0FF0       [0]    INT2E_bit
0x0FF0       [0]    INT1P_bit
0x0FF0       [0]    INT2P_bit
0x0FF0       [0]    INT1F_bit
0x0FF0       [0]    INT2F_bit
0x0FF0       [0]    INT1E_bit
0x0FF0       [1]    INTCON3
0x0FF1       [0]    TMR0IP_bit
0x0FF1       [0]    INTEDG2_bit
0x0FF1       [0]    RBIP_bit
0x0FF1       [0]    RBPU_bit
0x0FF1       [0]    NOT_RBPU_bit
0x0FF1       [1]    INTCON2
0x0FF1       [0]    INTEDG1_bit
0x0FF1       [0]    INTEDG0_bit
0x0FF2       [0]    PEIE_GIEL_bit
0x0FF2       [0]    T0IF_bit
0x0FF2       [0]    INT0F_bit
0x0FF2       [0]    TMR0IF_bit
0x0FF2       [0]    INT0IF_bit
0x0FF2       [0]    INT0IE_bit
0x0FF2       [0]    RBIE_bit
0x0FF2       [0]    GIE_bit
0x0FF2       [0]    T0IE_bit
0x0FF2       [0]    GIEL_bit
0x0FF2       [0]    INT0E_bit
0x0FF2       [0]    TMR0IE_bit
0x0FF2       [0]    RBIF_bit
0x0FF2       [0]    GIE_GIEH_bit
0x0FF2       [1]    INTCON
0x0FF2       [0]    PEIE_bit
0x0FF2       [0]    GIEH_bit
0x0FF3       [2]    PROD
0x0FF3       [1]    PRODL
0x0FF4       [1]    PRODH
0x0FF5       [1]    TABLAT
0x0FF6       [1]    TBLPTRL
0x0FF6       [3]    TBLPTR
0x0FF7       [1]    TBLPTRH
0x0FF8       [0]    TBLPTRU2_bit
0x0FF8       [0]    TBLPTRU1_bit
0x0FF8       [0]    TBLPTRU0_bit
0x0FF8       [0]    TBLPTRU3_bit
0x0FF8       [1]    TBLPTRU
0x0FF8       [0]    ACSS_bit
0x0FF8       [0]    TBLPTRU4_bit
0x0FF9       [1]    PC
0x0FF9       [1]    PCL
0x0FFA       [1]    PCLATH
0x0FFB       [0]    PCU2_bit
0x0FFB       [0]    PCU1_bit
0x0FFB       [0]    PCU0_bit
0x0FFB       [1]    PCLATU
0x0FFB       [0]    PCU4_bit
0x0FFB       [0]    PCU3_bit
0x0FFC       [0]    SP4_bit
0x0FFC       [0]    SP3_bit
0x0FFC       [1]    STKPTR
0x0FFC       [0]    STKOVF_bit
0x0FFC       [0]    SP2_bit
0x0FFC       [0]    STKFUL_bit
0x0FFC       [0]    STKUNF_bit
0x0FFC       [0]    SP1_bit
0x0FFC       [0]    SP0_bit
0x0FFD       [1]    TOSL
0x0FFE       [1]    TOSH
0x0FFF       [1]    TOSU
//** Constants locations ** 
//ADDRESS    SIZE    CONSTANT
//----------------------------------------------
0x059A       [1]    ?ICS_paketSay
0x059B       [1]    ?ICS_HEDEFID3
0x059C       [1]    ?ICS_HEDEFID2
0x059D       [1]    ?ICS_d0
0x059E       [1]    ?ICS_d1
0x059F       [7]    ?ICS_RXBUFF
0x05A6       [2]    ?ICS_uykuSayac1
0x05A8       [1]    ?ICS_HEDEFID1
0x05A9       [2]    ?ICS_uykuSayac2
0x05AB       [2]    ?ICS_durSayac
0x05AD       [1]    ?ICS_ledSayac
0x05AE       [1]    ?ICS_acilSayac
0x05AF       [1]    ?ICS_pilZayifSayac
0x05B0       [2]    ?ICS_dlySayac
//** Label List: ** 
//----------------------------------------------
  L_interrupt0
  L_interrupt1
  L_interrupt2
  L_interrupt3
  L_interrupt4
  L_interrupt5
  L_interrupt6
  L_interrupt7
  L_interrupt8
  L_interrupt9
  L_interrupt10
  L_interrupt11
  L_interrupt12
  L_interrupt13
  L_Ayarlar14
  L_hataTemizle15
  L_hataTemizle16
  L_butonIsle17
  L_butonIsle18
  L_butonIsle19
  L_butonIsle20
  L_butonIsle21
  L_butonIsle22
  L_butonIsle23
  L_butonIsle24
  L_butonIsle25
  L_butonIsle26
  L_butonIsle27
  L_butonIsle28
  L_butonIsle29
  L_butonIsle30
  L_butonIsle31
  L_butonIsle32
  L_butonIsle33
  L_butonIsle34
  L_butonIsle35
  L_butonIsle36
  L_butonIsle37
  L_butonIsle38
  L_butonIsle39
  L_butonIsle40
  L_butonIsle41
  L_butonIsle42
  L_butonIsle43
  L_butonIsle44
  L_butonIsle45
  L_butonIsle46
  L_butonIsle47
  L_butonIsle48
  L_butonIsle49
  L_butonIsle50
  L_butonIsle51
  L_butonIsle52
  L_butonIsle53
  L_butonIsle54
  L_butonIsle55
  L_butonIsle56
  L_butonIsle57
  L_butonIsle58
  L_butonIsle59
  L_butonIsle60
  L_butonIsle61
  L_butonIsle62
  L_butonIsle63
  L_butonIsle64
  L_butonIsle65
  L_butonIsle66
  L_butonIsle67
  L_butonIsle68
  L_butonIsle69
  L_butonIsle70
  L_butonIsle71
  L_butonIsle72
  L_butonIsle73
  L_butonIsle74
  L_main75
  L_main76
  L_main77
  L_main78
  L_main79
  L_main80
  L_main81
  L_main82
  L_main83
  L_main84
  L_main85
  L_main86
  L_main87
  L__butonIsle88
  L__butonIsle89
  L__butonIsle90
  L__butonIsle91
  L__butonIsle92
  L__butonIsle93
  L__butonIsle94
  L__butonIsle95
  L__butonIsle96
  L__butonIsle97
  L__butonIsle98
  L__butonIsle99
  L__butonIsle100
  _interrupt
  L__interrupt101
  L__interrupt102
  L__interrupt103
  _Ayarlar
  _hataTemizle
  _butonIsle
  L__butonIsle104
  L__butonIsle105
  L__butonIsle106
  L__butonIsle107
  L__butonIsle108
  L__butonIsle109
  L__butonIsle110
  _main
  L__main111
  L__main112
  L__main113
  L__main114
  L__main115
  L__main116
  _CC2D_Loop1
  _CC2DL_Loop1
  L_loopCA2AWs
  L_loopCCA2AWs
  L_loopCS2Ss
  L_CS2Send
  L_loopCCS2Ss
  L_CCS2Send
  L_loopFZinSWs
  L_longjmp7
  L_end___CC2D
  ___CC2D
  L_end___CC2DW
  ___CC2DW
  L_end___CA2AW
  ___CA2AW
  L_end___CCA2AW
  ___CCA2AW
  L_end___CS2S
  ___CS2S
  L_end___CCS2S
  ___CCS2S
  L_end___FZinS
  ___FZinS
  L_end_____DoIFC
  _____DoIFC
  L_end_Swap
  _Swap
  L_end_setjmp
  _setjmp
  L_end_longjmp
  _longjmp
  L_UART1_Init0
  L_UART1_Init1
  L_UART1_Read2
  L_UART1_Write3
  L_UART1_Write4
  L_UART1_Write_Text5
  L_UART1_Write_Text6
  L_UART1_Read_Text7
  L_UART1_Read_Text8
  L_UART1_Read_Text9
  L_UART1_Read_Text10
  L_UART1_Read_Text11
  L_UART1_Read_Text12
  L_UART1_Read_Text13
  L_UART1_Read_Text14
  L_UART1_Read_Text15
  L_UART_Write_Text16
  L_UART_Write_Text17
  L_UART_Read_Text18
  L_UART_Read_Text19
  L_UART_Read_Text20
  L_UART_Read_Text21
  L_UART_Read_Text22
  L_UART_Read_Text23
  L_UART_Read_Text24
  L_UART_Read_Text25
  L_UART_Read_Text26
  L_end_UART1_Init
  _UART1_Init
  L_end_UART1_Data_Ready
  _UART1_Data_Ready
  L_end_UART1_Read
  _UART1_Read
  L_end_UART1_Tx_Idle
  _UART1_Tx_Idle
  L_end_UART1_Write
  _UART1_Write
  L_end_UART1_Write_Text
  _UART1_Write_Text
  L_end_UART1_Read_Text
  _UART1_Read_Text
  L_end_UART_Set_Active
  _UART_Set_Active
  L_end_UART_Write
  _UART_Write
  L_end_UART_Write_Text
  _UART_Write_Text
  L_end_UART_Read
  _UART_Read
  L_end_UART_Data_Ready
  _UART_Data_Ready
  L_end_UART_Read_Text
  _UART_Read_Text
  L_end_UART_Tx_Idle
  _UART_Tx_Idle
  L_interrupt0
  L_interrupt1
  L_interrupt2
  L_interrupt3
  L_interrupt4
  L_interrupt5
  L_interrupt6
  L_interrupt7
  L_interrupt8
  L_interrupt9
  L_interrupt10
  L_interrupt11
  L_interrupt12
  L_interrupt13
  L_Ayarlar14
  L_hataTemizle15
  L_hataTemizle16
  L_butonIsle17
  L_butonIsle18
  L_butonIsle19
  L_butonIsle20
  L_butonIsle21
  L_butonIsle22
  L_butonIsle23
  L_butonIsle24
  L_butonIsle25
  L_butonIsle26
  L_butonIsle27
  L_butonIsle28
  L_butonIsle29
  L_butonIsle30
  L_butonIsle31
  L_butonIsle32
  L_butonIsle33
  L_butonIsle34
  L_butonIsle35
  L_butonIsle36
  L_butonIsle37
  L_butonIsle38
  L_butonIsle39
  L_butonIsle40
  L_butonIsle41
  L_butonIsle42
  L_butonIsle43
  L_butonIsle44
  L_butonIsle45
  L_butonIsle46
  L_butonIsle47
  L_butonIsle48
  L_butonIsle49
  L_butonIsle50
  L_butonIsle51
  L_butonIsle52
  L_butonIsle53
  L_butonIsle54
  L_butonIsle55
  L_butonIsle56
  L_butonIsle57
  L_butonIsle58
  L_butonIsle59
  L_butonIsle60
  L_butonIsle61
  L_butonIsle62
  L_butonIsle63
  L_butonIsle64
  L_butonIsle65
  L_butonIsle66
  L_butonIsle67
  L_butonIsle68
  L_butonIsle69
  L_butonIsle70
  L_butonIsle71
  L_butonIsle72
  L_butonIsle73
  L_butonIsle74
  L_main75
  L_main76
  L_main77
  L_main78
  L_main79
  L_main80
  L_main81
  L_main82
  L_main83
  L_main84
  L_main85
  L_main86
  L_main87
  L__butonIsle88
  L__butonIsle89
  L__butonIsle90
  L__butonIsle91
  L__butonIsle92
  L__butonIsle93
  L__butonIsle94
  L__butonIsle95
  L__butonIsle96
  L__butonIsle97
  L__butonIsle98
  L__butonIsle99
  L__butonIsle100
  _interrupt
  L__interrupt101
  L__interrupt102
  L__interrupt103
  _Ayarlar
  _hataTemizle
  _butonIsle
  L__butonIsle104
  L__butonIsle105
  L__butonIsle106
  L__butonIsle107
  L__butonIsle108
  L__butonIsle109
  L__butonIsle110
  _main
  L__main111
  L__main112
  L__main113
  L__main114
  L__main115
  L__main116
