;  LST file generated by mikroListExporter - v.2.0 
; Date/Time: 15.05.2014 09:23:04
;----------------------------------------------

;Address Opcode 	ASM
0x0000	0xF001EF45  	GOTO        650
_interrupt:
;Rx.c,203 :: 		void interrupt()
0x0008	0xF016C000  	MOVFF       R0, 22
0x000C	0xF015C001  	MOVFF       R1, 21
;Rx.c,205 :: 		if(PIR1.RCIF)
0x0010	0xAA9E      	BTFSS       PIR1, 5 
0x0012	0xD035      	BRA         L_interrupt38
;Rx.c,207 :: 		RXBUFF[paketSay] = RCREG;
0x0014	0x0E18      	MOVLW       _RXBUFF
0x0016	0x6EE1      	MOVWF       FSR1L 
0x0018	0x0E00      	MOVLW       hi_addr(_RXBUFF)
0x001A	0x6EE2      	MOVWF       FSR1H 
0x001C	0x5017      	MOVF        _paketSay, 0 
0x001E	0x26E1      	ADDWF       FSR1L, 1 
0x0020	0xB0D8      	BTFSC       STATUS, 0 
0x0022	0x2AE2      	INCF        FSR1H, 1 
0x0024	0xFFE6CFAE  	MOVFF       RCREG, POSTINC1
;Rx.c,208 :: 		if(RXBUFF[paketSay]==85)      //Senkronizasyon
0x0028	0x0E18      	MOVLW       _RXBUFF
0x002A	0x6EE9      	MOVWF       FSR0L 
0x002C	0x0E00      	MOVLW       hi_addr(_RXBUFF)
0x002E	0x6EEA      	MOVWF       FSR0H 
0x0030	0x5017      	MOVF        _paketSay, 0 
0x0032	0x26E9      	ADDWF       FSR0L, 1 
0x0034	0xB0D8      	BTFSC       STATUS, 0 
0x0036	0x2AEA      	INCF        FSR0H, 1 
0x0038	0x50EE      	MOVF        POSTINC0, 0 
0x003A	0x0A55      	XORLW       85
0x003C	0xE106      	BNZ         L_interrupt39
;Rx.c,210 :: 		if(paketSay>0)
0x003E	0x5017      	MOVF        _paketSay, 0 
0x0040	0x0800      	SUBLW       0
0x0042	0xE203      	BC          L_interrupt40
;Rx.c,212 :: 		paketSay=0;
0x0044	0x6A17      	CLRF        _paketSay 
;Rx.c,213 :: 		RXBUFF[0]=85;
0x0046	0x0E55      	MOVLW       85
0x0048	0x6E18      	MOVWF       _RXBUFF 
;Rx.c,214 :: 		}
L_interrupt40:
;Rx.c,215 :: 		}
L_interrupt39:
;Rx.c,216 :: 		paketSay++;
0x004A	0x2A17      	INCF        _paketSay, 1 
;Rx.c,218 :: 		if(paketSay == 7)
0x004C	0x5017      	MOVF        _paketSay, 0 
0x004E	0x0A07      	XORLW       7
0x0050	0xE115      	BNZ         L_interrupt41
;Rx.c,220 :: 		paketSay = 0;
0x0052	0x6A17      	CLRF        _paketSay 
;Rx.c,221 :: 		if(RXBUFF[0] == 0x55 && RXBUFF[1] == ID1 && RXBUFF[2] == ID2 && RXBUFF[3] == ID3 && RXBUFF[4] == 0x11)
0x0054	0x5018      	MOVF        _RXBUFF, 0 
0x0056	0x0A55      	XORLW       85
0x0058	0xE111      	BNZ         L_interrupt44
0x005A	0x5019      	MOVF        _RXBUFF+1, 0 
0x005C	0x1825      	XORWF       _ID1, 0 
0x005E	0xE10E      	BNZ         L_interrupt44
0x0060	0x501A      	MOVF        _RXBUFF+2, 0 
0x0062	0x1826      	XORWF       _ID2, 0 
0x0064	0xE10B      	BNZ         L_interrupt44
0x0066	0x501B      	MOVF        _RXBUFF+3, 0 
0x0068	0x1820      	XORWF       _ID3, 0 
0x006A	0xE108      	BNZ         L_interrupt44
0x006C	0x501C      	MOVF        _RXBUFF+4, 0 
0x006E	0x0A11      	XORLW       17
0x0070	0xE105      	BNZ         L_interrupt44
L__interrupt53:
;Rx.c,223 :: 		veriOk = 1;
0x0072	0x0E01      	MOVLW       1
0x0074	0x6E1F      	MOVWF       _veriOk 
;Rx.c,224 :: 		tmrSay=0;
0x0076	0x6A23      	CLRF        _tmrSay 
0x0078	0x6A24      	CLRF        _tmrSay+1 
;Rx.c,225 :: 		cikisKontrol();
0x007A	0xD890      	RCALL       _cikisKontrol
;Rx.c,226 :: 		}
L_interrupt44:
;Rx.c,227 :: 		}
L_interrupt41:
;Rx.c,228 :: 		PIR1.RCIF = 0;
0x007C	0x9A9E      	BCF         PIR1, 5 
;Rx.c,229 :: 		}
L_interrupt38:
;Rx.c,231 :: 		}
L__interrupt54:
0x007E	0xF000C016  	MOVFF       22, R0
0x0082	0xF001C015  	MOVFF       21, R1
0x0086	0x0011      	RETFIE      1
; end of _interrupt
_UART1_Init:
;__Lib_UART_c67.c,15 :: 		
;__Lib_UART_c67.c,18 :: 		
0x0088	0x0EFF      	MOVLW       _UART1_Write
0x008A	0x6E2F      	MOVWF       _UART_Wr_Ptr 
0x008C	0x0EFF      	MOVLW       hi_addr(_UART1_Write)
0x008E	0x6E30      	MOVWF       _UART_Wr_Ptr+1 
0x0090	0x0EFF      	MOVLW       FARG_UART1_Write_data_
0x0092	0x6E31      	MOVWF       _UART_Wr_Ptr+2 
0x0094	0x0EFF      	MOVLW       hi_addr(FARG_UART1_Write_data_)
0x0096	0x6E32      	MOVWF       _UART_Wr_Ptr+3 
;__Lib_UART_c67.c,19 :: 		
0x0098	0x0EFF      	MOVLW       _UART1_Read
0x009A	0x6E2B      	MOVWF       _UART_Rd_Ptr 
0x009C	0x0EFF      	MOVLW       hi_addr(_UART1_Read)
0x009E	0x6E2C      	MOVWF       _UART_Rd_Ptr+1 
0x00A0	0x0E00      	MOVLW       0
0x00A2	0x6E2D      	MOVWF       _UART_Rd_Ptr+2 
0x00A4	0x0E00      	MOVLW       0
0x00A6	0x6E2E      	MOVWF       _UART_Rd_Ptr+3 
;__Lib_UART_c67.c,20 :: 		
0x00A8	0x0EFF      	MOVLW       _UART1_Data_Ready
0x00AA	0x6E33      	MOVWF       _UART_Rdy_Ptr 
0x00AC	0x0EFF      	MOVLW       hi_addr(_UART1_Data_Ready)
0x00AE	0x6E34      	MOVWF       _UART_Rdy_Ptr+1 
0x00B0	0x0E00      	MOVLW       0
0x00B2	0x6E35      	MOVWF       _UART_Rdy_Ptr+2 
0x00B4	0x0E00      	MOVLW       0
0x00B6	0x6E36      	MOVWF       _UART_Rdy_Ptr+3 
;__Lib_UART_c67.c,21 :: 		
0x00B8	0x0EFF      	MOVLW       _UART1_Tx_Idle
0x00BA	0x6E27      	MOVWF       _UART_Tx_Idle_Ptr 
0x00BC	0x0EFF      	MOVLW       hi_addr(_UART1_Tx_Idle)
0x00BE	0x6E28      	MOVWF       _UART_Tx_Idle_Ptr+1 
0x00C0	0x0E00      	MOVLW       0
0x00C2	0x6E29      	MOVWF       _UART_Tx_Idle_Ptr+2 
0x00C4	0x0E00      	MOVLW       0
0x00C6	0x6E2A      	MOVWF       _UART_Tx_Idle_Ptr+3 
;__Lib_UART_c67.c,23 :: 		
0x00C8	0x8AAC      	BSF         TXSTA, 5 
;__Lib_UART_c67.c,24 :: 		
0x00CA	0x0E90      	MOVLW       144
0x00CC	0x6EAB      	MOVWF       RCSTA 
;__Lib_UART_c67.c,25 :: 		
0x00CE	0x8E94      	BSF         TRISC7_bit, 7 
;__Lib_UART_c67.c,26 :: 		
0x00D0	0x9C94      	BCF         TRISC6_bit, 6 
;__Lib_UART_c67.c,28 :: 		
L_UART1_Init0:
0x00D2	0xAA9E      	BTFSS       PIR1, 5 
0x00D4	0xD003      	BRA         L_UART1_Init1
;__Lib_UART_c67.c,29 :: 		
0x00D6	0xF000CFAE  	MOVFF       RCREG, R0
0x00DA	0xD7FB      	BRA         L_UART1_Init0
L_UART1_Init1:
;__Lib_UART_c67.c,30 :: 		
L_end_UART1_Init:
0x00DC	0x0012      	RETURN      0
; end of _UART1_Init
_cikisTemizle:
;Rx.c,162 :: 		void cikisTemizle()
;Rx.c,164 :: 		PORTA = 0;
0x00DE	0x6A80      	CLRF        PORTA 
;Rx.c,165 :: 		PORTB = 0;
0x00E0	0x6A81      	CLRF        PORTB 
;Rx.c,166 :: 		PORTC = 0;
0x00E2	0x6A82      	CLRF        PORTC 
;Rx.c,167 :: 		PORTD = 0;
0x00E4	0x6A83      	CLRF        PORTD 
;Rx.c,168 :: 		PORTE = 0;
0x00E6	0x6A84      	CLRF        PORTE 
;Rx.c,169 :: 		}
0x00E8	0x0012      	RETURN      0
; end of _cikisTemizle
_cikisIsle:
;Rx.c,61 :: 		void cikisIsle(unsigned char sy, unsigned char p)
;Rx.c,63 :: 		if(p == 0)
0x00EA	0x5038      	MOVF        FARG_cikisIsle_p, 0 
0x00EC	0x0A00      	XORLW       0
0x00EE	0xE128      	BNZ         L_cikisIsle4
;Rx.c,65 :: 		switch(sy)
0x00F0	0xD013      	BRA         L_cikisIsle5
;Rx.c,67 :: 		case 1:
L_cikisIsle7:
;Rx.c,69 :: 		geri;
0x00F2	0x8C80      	BSF         PORTA, 6 
;Rx.c,70 :: 		siren;
0x00F4	0x8284      	BSF         PORTE, 1 
;Rx.c,71 :: 		break;
0x00F6	0xD023      	BRA         L_cikisIsle6
;Rx.c,73 :: 		case 2:
L_cikisIsle8:
;Rx.c,75 :: 		ileri;
0x00F8	0x8082      	BSF         PORTC, 0 
;Rx.c,76 :: 		siren;
0x00FA	0x8284      	BSF         PORTE, 1 
;Rx.c,77 :: 		break;
0x00FC	0xD020      	BRA         L_cikisIsle6
;Rx.c,79 :: 		case 4:
L_cikisIsle9:
;Rx.c,81 :: 		sol;
0x00FE	0x8682      	BSF         PORTC, 3 
;Rx.c,82 :: 		siren;
0x0100	0x8284      	BSF         PORTE, 1 
;Rx.c,83 :: 		break;
0x0102	0xD01D      	BRA         L_cikisIsle6
;Rx.c,85 :: 		case 8:
L_cikisIsle10:
;Rx.c,87 :: 		sag;
0x0104	0x8083      	BSF         PORTD, 0 
;Rx.c,88 :: 		siren;
0x0106	0x8284      	BSF         PORTE, 1 
;Rx.c,89 :: 		break;
0x0108	0xD01A      	BRA         L_cikisIsle6
;Rx.c,91 :: 		case 16:
L_cikisIsle11:
;Rx.c,93 :: 		asagi;
0x010A	0x8683      	BSF         PORTD, 3 
;Rx.c,94 :: 		siren;
0x010C	0x8284      	BSF         PORTE, 1 
;Rx.c,95 :: 		break;
0x010E	0xD017      	BRA         L_cikisIsle6
;Rx.c,97 :: 		case 32:
L_cikisIsle12:
;Rx.c,99 :: 		yukari;
0x0110	0x8882      	BSF         PORTC, 4 
;Rx.c,100 :: 		siren;
0x0112	0x8284      	BSF         PORTE, 1 
;Rx.c,101 :: 		break;
0x0114	0xD014      	BRA         L_cikisIsle6
;Rx.c,103 :: 		default:
L_cikisIsle13:
;Rx.c,105 :: 		break;
0x0116	0xD013      	BRA         L_cikisIsle6
;Rx.c,107 :: 		}
L_cikisIsle5:
0x0118	0x5037      	MOVF        FARG_cikisIsle_sy, 0 
0x011A	0x0A01      	XORLW       1
0x011C	0xE0EA      	BZ          L_cikisIsle7
0x011E	0x5037      	MOVF        FARG_cikisIsle_sy, 0 
0x0120	0x0A02      	XORLW       2
0x0122	0xE0EA      	BZ          L_cikisIsle8
0x0124	0x5037      	MOVF        FARG_cikisIsle_sy, 0 
0x0126	0x0A04      	XORLW       4
0x0128	0xE0EA      	BZ          L_cikisIsle9
0x012A	0x5037      	MOVF        FARG_cikisIsle_sy, 0 
0x012C	0x0A08      	XORLW       8
0x012E	0xE0EA      	BZ          L_cikisIsle10
0x0130	0x5037      	MOVF        FARG_cikisIsle_sy, 0 
0x0132	0x0A10      	XORLW       16
0x0134	0xE0EA      	BZ          L_cikisIsle11
0x0136	0x5037      	MOVF        FARG_cikisIsle_sy, 0 
0x0138	0x0A20      	XORLW       32
0x013A	0xE0EA      	BZ          L_cikisIsle12
0x013C	0xD7EC      	BRA         L_cikisIsle13
L_cikisIsle6:
;Rx.c,108 :: 		}
0x013E	0xD02D      	BRA         L_cikisIsle14
L_cikisIsle4:
;Rx.c,111 :: 		switch(sy)
0x0140	0xD019      	BRA         L_cikisIsle15
;Rx.c,113 :: 		case 1:
L_cikisIsle17:
;Rx.c,115 :: 		geri;
0x0142	0x8C80      	BSF         PORTA, 6 
;Rx.c,116 :: 		geri2;
0x0144	0x8484      	BSF         PORTE, 2 
;Rx.c,117 :: 		siren;
0x0146	0x8284      	BSF         PORTE, 1 
;Rx.c,118 :: 		break;
0x0148	0xD028      	BRA         L_cikisIsle16
;Rx.c,120 :: 		case 2:
L_cikisIsle18:
;Rx.c,122 :: 		ileri;
0x014A	0x8082      	BSF         PORTC, 0 
;Rx.c,123 :: 		ileri2;
0x014C	0x8E80      	BSF         PORTA, 7 
;Rx.c,124 :: 		siren;
0x014E	0x8284      	BSF         PORTE, 1 
;Rx.c,125 :: 		break;
0x0150	0xD024      	BRA         L_cikisIsle16
;Rx.c,127 :: 		case 4:
L_cikisIsle19:
;Rx.c,129 :: 		sol;
0x0152	0x8682      	BSF         PORTC, 3 
;Rx.c,130 :: 		sol2;
0x0154	0x8282      	BSF         PORTC, 1 
;Rx.c,131 :: 		siren;
0x0156	0x8284      	BSF         PORTE, 1 
;Rx.c,132 :: 		break;
0x0158	0xD020      	BRA         L_cikisIsle16
;Rx.c,134 :: 		case 8:
L_cikisIsle20:
;Rx.c,136 :: 		sag;
0x015A	0x8083      	BSF         PORTD, 0 
;Rx.c,137 :: 		sag2;
0x015C	0x8482      	BSF         PORTC, 2 
;Rx.c,138 :: 		siren;
0x015E	0x8284      	BSF         PORTE, 1 
;Rx.c,139 :: 		break;
0x0160	0xD01C      	BRA         L_cikisIsle16
;Rx.c,141 :: 		case 16:
L_cikisIsle21:
;Rx.c,143 :: 		asagi;
0x0162	0x8683      	BSF         PORTD, 3 
;Rx.c,144 :: 		asagi2;
0x0164	0x8283      	BSF         PORTD, 1 
;Rx.c,145 :: 		siren;
0x0166	0x8284      	BSF         PORTE, 1 
;Rx.c,146 :: 		break;
0x0168	0xD018      	BRA         L_cikisIsle16
;Rx.c,148 :: 		case 32:
L_cikisIsle22:
;Rx.c,150 :: 		yukari;
0x016A	0x8882      	BSF         PORTC, 4 
;Rx.c,151 :: 		yukari2;
0x016C	0x8483      	BSF         PORTD, 2 
;Rx.c,152 :: 		siren;
0x016E	0x8284      	BSF         PORTE, 1 
;Rx.c,153 :: 		break;
0x0170	0xD014      	BRA         L_cikisIsle16
;Rx.c,155 :: 		default:
L_cikisIsle23:
;Rx.c,157 :: 		break;
0x0172	0xD013      	BRA         L_cikisIsle16
;Rx.c,159 :: 		}
L_cikisIsle15:
0x0174	0x5037      	MOVF        FARG_cikisIsle_sy, 0 
0x0176	0x0A01      	XORLW       1
0x0178	0xE0E4      	BZ          L_cikisIsle17
0x017A	0x5037      	MOVF        FARG_cikisIsle_sy, 0 
0x017C	0x0A02      	XORLW       2
0x017E	0xE0E5      	BZ          L_cikisIsle18
0x0180	0x5037      	MOVF        FARG_cikisIsle_sy, 0 
0x0182	0x0A04      	XORLW       4
0x0184	0xE0E6      	BZ          L_cikisIsle19
0x0186	0x5037      	MOVF        FARG_cikisIsle_sy, 0 
0x0188	0x0A08      	XORLW       8
0x018A	0xE0E7      	BZ          L_cikisIsle20
0x018C	0x5037      	MOVF        FARG_cikisIsle_sy, 0 
0x018E	0x0A10      	XORLW       16
0x0190	0xE0E8      	BZ          L_cikisIsle21
0x0192	0x5037      	MOVF        FARG_cikisIsle_sy, 0 
0x0194	0x0A20      	XORLW       32
0x0196	0xE0E9      	BZ          L_cikisIsle22
0x0198	0xD7EC      	BRA         L_cikisIsle23
L_cikisIsle16:
;Rx.c,160 :: 		}
L_cikisIsle14:
;Rx.c,161 :: 		}
0x019A	0x0012      	RETURN      0
; end of _cikisIsle
_cikisKontrol:
;Rx.c,170 :: 		void cikisKontrol()
;Rx.c,172 :: 		cikisTemizle();
0x019C	0xDFA0      	RCALL       _cikisTemizle
;Rx.c,174 :: 		if(((RXBUFF[5]&64)>0)&&(RXBUFF[5]<255))
0x019E	0x0E40      	MOVLW       64
0x01A0	0x141D      	ANDWF       _RXBUFF+5, 0 
0x01A2	0x6E01      	MOVWF       R1 
0x01A4	0x5001      	MOVF        R1, 0 
0x01A6	0x0800      	SUBLW       0
0x01A8	0xE206      	BC          L_cikisKontrol26
0x01AA	0x0EFF      	MOVLW       255
0x01AC	0x5C1D      	SUBWF       _RXBUFF+5, 0 
0x01AE	0xE203      	BC          L_cikisKontrol26
L__cikisKontrol52:
;Rx.c,176 :: 		acil;
0x01B0	0x8A82      	BSF         PORTC, 5 
;Rx.c,177 :: 		siren;
0x01B2	0x8284      	BSF         PORTE, 1 
;Rx.c,178 :: 		}
0x01B4	0xD02D      	BRA         L_cikisKontrol27
L_cikisKontrol26:
;Rx.c,179 :: 		else if(RXBUFF[5]==255)
0x01B6	0x501D      	MOVF        _RXBUFF+5, 0 
0x01B8	0x0AFF      	XORLW       255
0x01BA	0xE102      	BNZ         L_cikisKontrol28
;Rx.c,181 :: 		cikisTemizle();
0x01BC	0xDF90      	RCALL       _cikisTemizle
;Rx.c,182 :: 		}
0x01BE	0xD028      	BRA         L_cikisKontrol29
L_cikisKontrol28:
;Rx.c,185 :: 		for(dSay = 1; dSay<128; dSay = dSay*2)
0x01C0	0x0E01      	MOVLW       1
0x01C2	0x6E22      	MOVWF       _dSay 
L_cikisKontrol30:
0x01C4	0x0E80      	MOVLW       128
0x01C6	0x5C22      	SUBWF       _dSay, 0 
0x01C8	0xE20E      	BC          L_cikisKontrol31
;Rx.c,187 :: 		if((RXBUFF[5]&dSay)>0)
0x01CA	0x5022      	MOVF        _dSay, 0 
0x01CC	0x141D      	ANDWF       _RXBUFF+5, 0 
0x01CE	0x6E01      	MOVWF       R1 
0x01D0	0x5001      	MOVF        R1, 0 
0x01D2	0x0800      	SUBLW       0
0x01D4	0xE205      	BC          L_cikisKontrol33
;Rx.c,189 :: 		xdata=0;
0x01D6	0x6A21      	CLRF        _xdata 
;Rx.c,190 :: 		cikisIsle(dSay,xdata);
0x01D8	0xF037C022  	MOVFF       _dSay, FARG_cikisIsle_sy
0x01DC	0x6A38      	CLRF        FARG_cikisIsle_p 
0x01DE	0xDF85      	RCALL       _cikisIsle
;Rx.c,191 :: 		}
L_cikisKontrol33:
;Rx.c,185 :: 		for(dSay = 1; dSay<128; dSay = dSay*2)
0x01E0	0x3622      	RLCF        _dSay, 1 
0x01E2	0x9022      	BCF         _dSay, 0 
;Rx.c,192 :: 		}
0x01E4	0xD7EF      	BRA         L_cikisKontrol30
L_cikisKontrol31:
;Rx.c,193 :: 		for(dSay = 1; dSay<64; dSay = dSay*2)
0x01E6	0x0E01      	MOVLW       1
0x01E8	0x6E22      	MOVWF       _dSay 
L_cikisKontrol34:
0x01EA	0x0E40      	MOVLW       64
0x01EC	0x5C22      	SUBWF       _dSay, 0 
0x01EE	0xE210      	BC          L_cikisKontrol35
;Rx.c,195 :: 		if((RXBUFF[6]&dSay)>0)
0x01F0	0x5022      	MOVF        _dSay, 0 
0x01F2	0x141E      	ANDWF       _RXBUFF+6, 0 
0x01F4	0x6E01      	MOVWF       R1 
0x01F6	0x5001      	MOVF        R1, 0 
0x01F8	0x0800      	SUBLW       0
0x01FA	0xE207      	BC          L_cikisKontrol37
;Rx.c,197 :: 		xdata=1;
0x01FC	0x0E01      	MOVLW       1
0x01FE	0x6E21      	MOVWF       _xdata 
;Rx.c,198 :: 		cikisIsle(dSay,xdata);
0x0200	0xF037C022  	MOVFF       _dSay, FARG_cikisIsle_sy
0x0204	0x0E01      	MOVLW       1
0x0206	0x6E38      	MOVWF       FARG_cikisIsle_p 
0x0208	0xDF70      	RCALL       _cikisIsle
;Rx.c,199 :: 		}
L_cikisKontrol37:
;Rx.c,193 :: 		for(dSay = 1; dSay<64; dSay = dSay*2)
0x020A	0x3622      	RLCF        _dSay, 1 
0x020C	0x9022      	BCF         _dSay, 0 
;Rx.c,200 :: 		}
0x020E	0xD7ED      	BRA         L_cikisKontrol34
L_cikisKontrol35:
;Rx.c,201 :: 		}
L_cikisKontrol29:
L_cikisKontrol27:
;Rx.c,202 :: 		}
0x0210	0x0012      	RETURN      0
; end of _cikisKontrol
___CC2DW:
;__Lib_System.c,21 :: 		
;__Lib_System.c,23 :: 		
_CC2DL_Loop1:
;__Lib_System.c,24 :: 		
0x0212	0x0009      	TBLRD*+
;__Lib_System.c,25 :: 		
0x0214	0xFFE6CFF5  	MOVFF       TABLAT, POSTINC1
;__Lib_System.c,26 :: 		
0x0218	0x0600      	DECF        R0, 1, 0
;__Lib_System.c,27 :: 		
0x021A	0xE1FB      	BNZ         _CC2DL_Loop1
;__Lib_System.c,28 :: 		
0x021C	0x0601      	DECF        R1, 1, 0
;__Lib_System.c,29 :: 		
0x021E	0xE1F9      	BNZ         _CC2DL_Loop1
;__Lib_System.c,31 :: 		
L_end___CC2DW:
0x0220	0x0012      	RETURN      0
; end of ___CC2DW
_Ayarlar:
;Rx.c,233 :: 		void Ayarlar()
;Rx.c,235 :: 		ANSEL=0;
0x0222	0x6A7E      	CLRF        ANSEL 
;Rx.c,236 :: 		ANSELH=0;
0x0224	0x6A7F      	CLRF        ANSELH 
;Rx.c,237 :: 		TRISC.B4=0; TRISD.B3=0; TRISD.B2=0; TRISD.B1=0; TRISD.B0=0; TRISC.B3=0; TRISC.B2=0; TRISC.B1=0; TRISC.B0=0; TRISA.B6=0;
0x0226	0x9894      	BCF         TRISC, 4 
0x0228	0x9695      	BCF         TRISD, 3 
0x022A	0x9495      	BCF         TRISD, 2 
0x022C	0x9295      	BCF         TRISD, 1 
0x022E	0x9095      	BCF         TRISD, 0 
0x0230	0x9694      	BCF         TRISC, 3 
0x0232	0x9494      	BCF         TRISC, 2 
0x0234	0x9294      	BCF         TRISC, 1 
0x0236	0x9094      	BCF         TRISC, 0 
0x0238	0x9C92      	BCF         TRISA, 6 
;Rx.c,238 :: 		TRISA.B7=0; TRISE.B2=0; TRISC.B5=0; TRISE.B1=0; TRISD.B4=0; TRISD.B5=0;
0x023A	0x9E92      	BCF         TRISA, 7 
0x023C	0x9496      	BCF         TRISE, 2 
0x023E	0x9A94      	BCF         TRISC, 5 
0x0240	0x9296      	BCF         TRISE, 1 
0x0242	0x9895      	BCF         TRISD, 4 
0x0244	0x9A95      	BCF         TRISD, 5 
;Rx.c,239 :: 		PORTA=0; PORTB=0; PORTC=0; PORTD=0; PORTE=0;
0x0246	0x6A80      	CLRF        PORTA 
0x0248	0x6A81      	CLRF        PORTB 
0x024A	0x6A82      	CLRF        PORTC 
0x024C	0x6A83      	CLRF        PORTD 
0x024E	0x6A84      	CLRF        PORTE 
;Rx.c,241 :: 		INTCON.PEIE=1;  //Peripheral interrupt açýk
0x0250	0x8CF2      	BSF         INTCON, 6 
;Rx.c,242 :: 		PIE1.RCIE=1;   //Usart receive kesmesi açýk
0x0252	0x8A9D      	BSF         PIE1, 5 
;Rx.c,243 :: 		INTCON.GIE=1;  //Global kesmeler açýk
0x0254	0x8EF2      	BSF         INTCON, 7 
;Rx.c,244 :: 		RCON.IPEN=1;  //Ýnterrupt öncelikleri açýk
0x0256	0x8ED0      	BSF         RCON, 7 
;Rx.c,245 :: 		ADCON0.ADON=0; //ADC modülü tamamen kapatýldý
0x0258	0x90C2      	BCF         ADCON0, 0 
;Rx.c,246 :: 		CM1CON0.C1ON=0;
0x025A	0x9E7B      	BCF         CM1CON0, 7 
;Rx.c,247 :: 		CM2CON0.C2ON=0; //Comparatorler kapatýldý
0x025C	0x9E7A      	BCF         CM2CON0, 7 
;Rx.c,248 :: 		T2CON = 0b011111100;              //bu biraz sýkýntýlý
0x025E	0x0EFC      	MOVLW       252
0x0260	0x6ECA      	MOVWF       T2CON 
;Rx.c,249 :: 		TMR2 = 0;
0x0262	0x6ACC      	CLRF        TMR2 
;Rx.c,250 :: 		PR2 = 0xFF; //tmr2 periyot
0x0264	0x0EFF      	MOVLW       255
0x0266	0x6ECB      	MOVWF       PR2 
;Rx.c,251 :: 		UART1_Init(9600);
0x0268	0x0E19      	MOVLW       25
0x026A	0x6EAF      	MOVWF       SPBRG 
0x026C	0x84AC      	BSF         TXSTA, 2, 0
0x026E	0xDF0C      	RCALL       _UART1_Init
;Rx.c,253 :: 		Delay_ms(100);
0x0270	0x0E82      	MOVLW       130
0x0272	0x6E0C      	MOVWF       R12, 0
0x0274	0x0EDD      	MOVLW       221
0x0276	0x6E0D      	MOVWF       R13, 0
L_Ayarlar45:
0x0278	0x2E0D      	DECFSZ      R13, 1, 0
0x027A	0xD7FE      	BRA         L_Ayarlar45
0x027C	0x2E0C      	DECFSZ      R12, 1, 0
0x027E	0xD7FC      	BRA         L_Ayarlar45
0x0280	0x0000      	NOP
0x0282	0x0000      	NOP
;Rx.c,254 :: 		setA=0;
0x0284	0x9883      	BCF         PORTD, 4 
;Rx.c,255 :: 		setB=0;
0x0286	0x9A83      	BCF         PORTD, 5 
;Rx.c,256 :: 		}
0x0288	0x0012      	RETURN      0
; end of _Ayarlar
_main:
0x028A	0xF001EC6C  	CALL        728, 0
;Rx.c,257 :: 		void main()
;Rx.c,259 :: 		Ayarlar();
0x028E	0xDFC9      	RCALL       _Ayarlar
;Rx.c,260 :: 		OSCCON=0b01010111;
0x0290	0x0E57      	MOVLW       87
0x0292	0x6ED3      	MOVWF       OSCCON 
;Rx.c,261 :: 		OSCTUNE=0b10011111;
0x0294	0x0E9F      	MOVLW       159
0x0296	0x6E9B      	MOVWF       OSCTUNE 
;Rx.c,263 :: 		while(1)
L_main46:
;Rx.c,266 :: 		tmrSay++;
0x0298	0x4A23      	INFSNZ      _tmrSay, 1 
0x029A	0x2A24      	INCF        _tmrSay+1, 1 
;Rx.c,267 :: 		if(tmrSay == 20000)
0x029C	0x5024      	MOVF        _tmrSay+1, 0 
0x029E	0x0A4E      	XORLW       78
0x02A0	0xE102      	BNZ         L__main55
0x02A2	0x0E20      	MOVLW       32
0x02A4	0x1823      	XORWF       _tmrSay, 0 
L__main55:
0x02A6	0xE10D      	BNZ         L_main48
;Rx.c,269 :: 		tmr2=0;
0x02A8	0x6ACC      	CLRF        TMR2 
;Rx.c,270 :: 		tmrSay = 0;
0x02AA	0x6A23      	CLRF        _tmrSay 
0x02AC	0x6A24      	CLRF        _tmrSay+1 
;Rx.c,271 :: 		if(veriOk == 0)
0x02AE	0x501F      	MOVF        _veriOk, 0 
0x02B0	0x0A00      	XORLW       0
0x02B2	0xE106      	BNZ         L_main49
;Rx.c,273 :: 		if(RXBUFF[5]!=64)
0x02B4	0x501D      	MOVF        _RXBUFF+5, 0 
0x02B6	0x0A40      	XORLW       64
0x02B8	0xE002      	BZ          L_main50
;Rx.c,275 :: 		paketSay = 0; // dikkat sorun cikabilir
0x02BA	0x6A17      	CLRF        _paketSay 
;Rx.c,276 :: 		cikisTemizle();
0x02BC	0xDF10      	RCALL       _cikisTemizle
;Rx.c,277 :: 		}
L_main50:
;Rx.c,278 :: 		}
0x02BE	0xD001      	BRA         L_main51
L_main49:
;Rx.c,280 :: 		{veriOk = 0;}
0x02C0	0x6A1F      	CLRF        _veriOk 
L_main51:
;Rx.c,281 :: 		}
L_main48:
;Rx.c,282 :: 		asm CLRWDT;
0x02C2	0x0004      	CLRWDT
;Rx.c,283 :: 		}
0x02C4	0xD7E9      	BRA         L_main46
;Rx.c,284 :: 		}
0x02C6	0xD7FF      	BRA         $+0
; end of _main
0x02D8	0xF017EE10  	LFSR        1, 23
0x02DC	0x0E10      	MOVLW       16
0x02DE	0x6E00      	MOVWF       R0 
0x02E0	0x0E01      	MOVLW       1
0x02E2	0x6E01      	MOVWF       R1 
0x02E4	0x0EC8      	MOVLW       200
0x02E6	0x6EF6      	MOVWF       4086 
0x02E8	0x0E02      	MOVLW       2
0x02EA	0x6EF7      	MOVWF       TBLPTRH 
0x02EC	0x0E00      	MOVLW       0
0x02EE	0x6EF8      	MOVWF       TBLPTRU 
0x02F0	0xF001EC09  	CALL        530, 0
0x02F4	0x0012      	RETURN      0
;Rx.c,0 :: ?ICS_paketSay
0x02C8	0x00 ;?ICS_paketSay+0
; end of ?ICS_paketSay
;Rx.c,0 :: ?ICS_RXBUFF
0x02C9	0x3030 ;?ICS_RXBUFF+0
0x02CB	0x3030 ;?ICS_RXBUFF+2
0x02CD	0x3030 ;?ICS_RXBUFF+4
0x02CF	0x30 ;?ICS_RXBUFF+6
; end of ?ICS_RXBUFF
;Rx.c,0 :: ?ICS_veriOk
0x02D0	0x00 ;?ICS_veriOk+0
; end of ?ICS_veriOk
;Rx.c,0 :: ?ICS_ID3
0x02D1	0x2E ;?ICS_ID3+0
; end of ?ICS_ID3
;Rx.c,0 :: ?ICS_xdata
0x02D2	0x00 ;?ICS_xdata+0
; end of ?ICS_xdata
;Rx.c,0 :: ?ICS_dSay
0x02D3	0x00 ;?ICS_dSay+0
; end of ?ICS_dSay
;Rx.c,0 :: ?ICS_tmrSay
0x02D4	0x0000 ;?ICS_tmrSay+0
; end of ?ICS_tmrSay
;Rx.c,0 :: ?ICS_ID1
0x02D6	0x75 ;?ICS_ID1+0
; end of ?ICS_ID1
;Rx.c,0 :: ?ICS_ID2
0x02D7	0x2D ;?ICS_ID2+0
; end of ?ICS_ID2
Symbol List:
//** Routines locations **
//ADDRESS    SIZE    PROCEDURE
//----------------------------------------------
0x0008     [128]    _interrupt
0x0088      [86]    _UART1_Init
0x00DE      [12]    _cikisTemizle
0x00EA     [178]    _cikisIsle
0x019C     [118]    _cikisKontrol
0x0212      [16]    ___CC2DW
0x0222     [104]    _Ayarlar
0x028A      [62]    _main
//** Variables locations ** 
//ADDRESS    SIZE    VARIABLE
//----------------------------------------------
0x0000       [1]    UART1_Init_tmp_L0
0x0000       [1]    R0
0x0001       [1]    R1
0x0001       [1]    UART1_Read___tmp_UART1_Read_L0
0x0002       [1]    R2
0x0003       [1]    R3
0x0004       [1]    R4
0x0005       [1]    R5
0x0006       [1]    R6
0x0007       [1]    R7
0x0008       [1]    R8
0x0009       [1]    R9
0x000A       [1]    R10
0x000B       [1]    R11
0x000C       [1]    R12
0x000D       [1]    R13
0x000E       [1]    R14
0x000F       [1]    R15
0x0010       [1]    R16
0x0011       [1]    R17
0x0012       [1]    R18
0x0013       [1]    R19
0x0014       [1]    R20
0x0017       [1]    _paketSay
0x0018       [7]    _RXBUFF
0x001F       [1]    _veriOk
0x0020       [1]    _ID3
0x0021       [1]    _xdata
0x0022       [1]    _dSay
0x0023       [2]    _tmrSay
0x0025       [1]    _ID1
0x0026       [1]    _ID2
0x0027       [4]    _UART_Tx_Idle_Ptr
0x002B       [4]    _UART_Rd_Ptr
0x002F       [4]    _UART_Wr_Ptr
0x0033       [4]    _UART_Rdy_Ptr
0x0037       [1]    FARG_cikisIsle_sy
0x0038       [1]    FARG_cikisIsle_p
0x0F77       [0]    MSK2_bit
0x0F77       [0]    MSK0_bit
0x0F77       [0]    MSK1_bit
0x0F77       [0]    MSK3_bit
0x0F77       [0]    MSK7_bit
0x0F77       [1]    SSPMSK
0x0F77       [0]    MSK6_bit
0x0F77       [0]    MSK4_bit
0x0F77       [0]    MSK5_bit
0x0F78       [0]    SLRD_bit
0x0F78       [0]    SLRE_bit
0x0F78       [0]    SLRC_bit
0x0F78       [0]    SLRA_bit
0x0F78       [0]    SLRB_bit
0x0F78       [1]    SLRCON
0x0F79       [0]    MC1OUT_bit
0x0F79       [1]    CM2CON1
0x0F79       [0]    MC2OUT_bit
0x0F79       [0]    C2RSEL_bit
0x0F79       [0]    C1RSEL_bit
0x0F7A       [0]    C2POL_bit
0x0F7A       [0]    C2CH1_bit
0x0F7A       [0]    C2R_bit
0x0F7A       [0]    C2SP_bit
0x0F7A       [0]    C2CH0_bit
0x0F7A       [1]    CM2CON0
0x0F7A       [0]    C2OUT_CM2CON0_bit
0x0F7A       [0]    C2OE_bit
0x0F7A       [0]    C2ON_bit
0x0F7B       [1]    CM1CON0
0x0F7B       [0]    C1POL_bit
0x0F7B       [0]    C1R_bit
0x0F7B       [0]    C1SP_bit
0x0F7B       [0]    C1OE_bit
0x0F7B       [0]    C1ON_bit
0x0F7B       [0]    C1CH0_bit
0x0F7B       [0]    C1CH1_bit
0x0F7B       [0]    C1OUT_CM1CON0_bit
0x0F7C       [0]    WPUB7_bit
0x0F7C       [0]    WPUB2_bit
0x0F7C       [1]    WPUB
0x0F7C       [0]    WPUB0_bit
0x0F7C       [0]    WPUB1_bit
0x0F7C       [0]    WPUB5_bit
0x0F7C       [0]    WPUB6_bit
0x0F7C       [0]    WPUB3_bit
0x0F7C       [0]    WPUB4_bit
0x0F7D       [0]    IOCB7_bit
0x0F7D       [0]    IOCB5_bit
0x0F7D       [0]    IOCB4_bit
0x0F7D       [0]    IOCB6_bit
0x0F7D       [1]    IOCB
0x0F7E       [0]    ANS7_bit
0x0F7E       [1]    ANSEL
0x0F7E       [0]    ANS3_bit
0x0F7E       [0]    ANS6_bit
0x0F7E       [0]    ANS5_bit
0x0F7E       [0]    ANS4_bit
0x0F7E       [0]    ANS1_bit
0x0F7E       [0]    ANS0_bit
0x0F7E       [0]    ANS2_bit
0x0F7F       [0]    ANS9_bit
0x0F7F       [0]    ANS8_bit
0x0F7F       [0]    ANS12_bit
0x0F7F       [0]    ANS11_bit
0x0F7F       [1]    ANSELH
0x0F7F       [0]    ANS10_bit
0x0F80       [0]    C1OUT_PORTA_bit
0x0F80       [0]    C12IN1M_bit
0x0F80       [0]    C12IN0M_bit
0x0F80       [0]    AN4_bit
0x0F80       [0]    C1INP_bit
0x0F80       [0]    RA3_bit
0x0F80       [0]    C2INP_bit
0x0F80       [0]    RA0_bit
0x0F80       [0]    C12IN1N_bit
0x0F80       [0]    SS_bit
0x0F80       [0]    VREFM_bit
0x0F80       [0]    NOT_SS_bit
0x0F80       [0]    C2OUT_PORTA_bit
0x0F80       [0]    RA1_bit
0x0F80       [0]    C12IN0N_bit
0x0F80       [0]    RA4_bit
0x0F80       [0]    RA2_bit
0x0F80       [1]    PORTA
0x0F80       [0]    LVDIN_bit
0x0F80       [0]    RA5_bit
0x0F80       [0]    VREFN_bit
0x0F80       [0]    VREFP_bit
0x0F80       [0]    T0CKI_bit
0x0F80       [0]    HLVDIN_bit
0x0F80       [0]    AN2_bit
0x0F80       [0]    CVREF_bit
0x0F80       [0]    AN3_bit
0x0F80       [0]    AN1_bit
0x0F80       [0]    RA6_bit
0x0F80       [0]    RA7_bit
0x0F80       [0]    AN0_bit
0x0F81       [1]    PORTB
0x0F81       [0]    C12IN2N_bit
0x0F81       [0]    PGM_bit
0x0F81       [0]    AN9_bit
0x0F81       [0]    AN11_bit
0x0F81       [0]    AN10_bit
0x0F81       [0]    AN12_bit
0x0F81       [0]    AN8_bit
0x0F81       [0]    C12IN3N_bit
0x0F81       [0]    INT0_bit
0x0F81       [0]    RB1_bit
0x0F81       [0]    RB5_bit
0x0F81       [0]    C12IN3M_bit
0x0F81       [0]    RB0_bit
0x0F81       [0]    RB4_bit
0x0F81       [0]    RB3_bit
0x0F81       [0]    KBI0_bit
0x0F81       [0]    KBI1_bit
0x0F81       [0]    KBI2_bit
0x0F81       [0]    RB2_bit
0x0F81       [0]    RB6_bit
0x0F81       [0]    FLT0_bit
0x0F81       [0]    INT1_bit
0x0F81       [0]    PGD_bit
0x0F81       [0]    INT2_bit
0x0F81       [0]    PGC_bit
0x0F81       [0]    C12IN2M_bit
0x0F81       [0]    CCP2_PORTB_bit
0x0F81       [0]    KBI3_bit
0x0F81       [0]    RB7_bit
0x0F82       [0]    RC6_bit
0x0F82       [0]    RC7_bit
0x0F82       [0]    T3CKI_bit
0x0F82       [0]    SCK_bit
0x0F82       [0]    T13CKI_bit
0x0F82       [0]    CCP2_PORTC_bit
0x0F82       [0]    RX__bit
0x0F82       [0]    TX_bit
0x0F82       [0]    SDO_bit
0x0F82       [0]    P1A_bit
0x0F82       [0]    CK_bit
0x0F82       [0]    T1CKI_bit
0x0F82       [0]    SDA_bit
0x0F82       [0]    SCL_bit
0x0F82       [0]    SDI_bit
0x0F82       [0]    RC2_bit
0x0F82       [0]    T1OSI_bit
0x0F82       [0]    RC3_bit
0x0F82       [0]    CCP1_bit
0x0F82       [0]    RC1_bit
0x0F82       [1]    PORTC
0x0F82       [0]    T1OSO_bit
0x0F82       [0]    RC0_bit
0x0F82       [0]    RC4_bit
0x0F82       [0]    RC5_bit
0x0F83       [0]    RD4_bit
0x0F83       [0]    RD5_bit
0x0F83       [0]    RD3_bit
0x0F83       [0]    RD2_bit
0x0F83       [1]    PORTD
0x0F83       [0]    PSP4_bit
0x0F83       [0]    PSP6_bit
0x0F83       [0]    RD7_bit
0x0F83       [0]    RD6_bit
0x0F83       [0]    PSP5_bit
0x0F83       [0]    PSP2_bit
0x0F83       [0]    PSP0_bit
0x0F83       [0]    PSP1_bit
0x0F83       [0]    P1B_bit
0x0F83       [0]    P1C_bit
0x0F83       [0]    P1D_bit
0x0F83       [0]    RD1_bit
0x0F83       [0]    PSP7_bit
0x0F83       [0]    PSP3_bit
0x0F83       [0]    RD0_bit
0x0F84       [0]    RE3_bit
0x0F84       [0]    CS_bit
0x0F84       [1]    PORTE
0x0F84       [0]    MCLR_bit
0x0F84       [0]    AN5_bit
0x0F84       [0]    VPP_bit
0x0F84       [0]    NOT_MCLR_bit
0x0F84       [0]    WR_bit
0x0F84       [0]    NOT_WR_bit
0x0F84       [0]    RE0_bit
0x0F84       [0]    RE1_bit
0x0F84       [0]    RD_bit
0x0F84       [0]    NOT_CS_bit
0x0F84       [0]    NOT_RD_bit
0x0F84       [0]    AN7_bit
0x0F84       [0]    AN6_bit
0x0F84       [0]    RE2_bit
0x0F89       [1]    LATA
0x0F89       [0]    LATA0_bit
0x0F89       [0]    LATA2_bit
0x0F89       [0]    LATA1_bit
0x0F89       [0]    LATA4_bit
0x0F89       [0]    LATA3_bit
0x0F89       [0]    LATA5_bit
0x0F89       [0]    LATA6_bit
0x0F89       [0]    LATA7_bit
0x0F8A       [0]    LATB2_bit
0x0F8A       [0]    LATB5_bit
0x0F8A       [0]    LATB6_bit
0x0F8A       [0]    LATB4_bit
0x0F8A       [1]    LATB
0x0F8A       [0]    LATB3_bit
0x0F8A       [0]    LATB7_bit
0x0F8A       [0]    LATB1_bit
0x0F8A       [0]    LATB0_bit
0x0F8B       [0]    LATC5_bit
0x0F8B       [0]    LATC7_bit
0x0F8B       [0]    LATC3_bit
0x0F8B       [0]    LATC0_bit
0x0F8B       [0]    LATC1_bit
0x0F8B       [0]    LATC6_bit
0x0F8B       [0]    LATC4_bit
0x0F8B       [1]    LATC
0x0F8B       [0]    LATC2_bit
0x0F8C       [0]    LATD4_bit
0x0F8C       [0]    LATD6_bit
0x0F8C       [0]    LATD5_bit
0x0F8C       [0]    LATD1_bit
0x0F8C       [0]    LATD3_bit
0x0F8C       [1]    LATD
0x0F8C       [0]    LATD7_bit
0x0F8C       [0]    LATD0_bit
0x0F8C       [0]    LATD2_bit
0x0F8D       [0]    LATE1_bit
0x0F8D       [0]    LATE2_bit
0x0F8D       [1]    LATE
0x0F8D       [0]    LATE0_bit
0x0F92       [0]    TRISA2_bit
0x0F92       [0]    TRISA3_bit
0x0F92       [0]    TRISA5_bit
0x0F92       [1]    TRISA
0x0F92       [0]    TRISA0_bit
0x0F92       [0]    TRISA4_bit
0x0F92       [0]    TRISA7_bit
0x0F92       [0]    TRISA1_bit
0x0F92       [0]    TRISA6_bit
0x0F93       [0]    TRISB6_bit
0x0F93       [0]    TRISB7_bit
0x0F93       [0]    TRISB4_bit
0x0F93       [0]    TRISB5_bit
0x0F93       [0]    TRISB3_bit
0x0F93       [0]    TRISB0_bit
0x0F93       [1]    TRISB
0x0F93       [0]    TRISB2_bit
0x0F93       [0]    TRISB1_bit
0x0F94       [0]    TRISC3_bit
0x0F94       [0]    TRISC2_bit
0x0F94       [0]    TRISC5_bit
0x0F94       [0]    TRISC7_bit
0x0F94       [1]    TRISC
0x0F94       [0]    TRISC4_bit
0x0F94       [0]    TRISC6_bit
0x0F94       [0]    TRISC1_bit
0x0F94       [0]    TRISC0_bit
0x0F95       [0]    TRISD1_bit
0x0F95       [0]    TRISD2_bit
0x0F95       [0]    TRISD0_bit
0x0F95       [1]    TRISD
0x0F95       [0]    TRISD3_bit
0x0F95       [0]    TRISD6_bit
0x0F95       [0]    TRISD7_bit
0x0F95       [0]    TRISD4_bit
0x0F95       [0]    TRISD5_bit
0x0F96       [0]    OBF_TRISE_bit
0x0F96       [0]    IBOV_TRISE_bit
0x0F96       [0]    TRISE2_bit
0x0F96       [0]    TRISE0_bit
0x0F96       [0]    TRISE1_bit
0x0F96       [0]    IBF_TRISE_bit
0x0F96       [1]    TRISE
0x0F96       [0]    PSPMODE_TRISE_bit
0x0F9B       [0]    TUN2_bit
0x0F9B       [0]    TUN0_bit
0x0F9B       [0]    TUN1_bit
0x0F9B       [0]    TUN5_bit
0x0F9B       [0]    TUN4_bit
0x0F9B       [0]    TUN3_bit
0x0F9B       [0]    PLLEN_bit
0x0F9B       [1]    OSCTUNE
0x0F9B       [0]    INTSRC_bit
0x0F9D       [0]    TXIE_bit
0x0F9D       [0]    SSPIE_bit
0x0F9D       [0]    RCIE_bit
0x0F9D       [0]    PSPIE_bit
0x0F9D       [0]    ADIE_bit
0x0F9D       [0]    CCP1IE_bit
0x0F9D       [1]    PIE1
0x0F9D       [0]    TMR1IE_bit
0x0F9D       [0]    TMR2IE_bit
0x0F9E       [0]    TXIF_bit
0x0F9E       [0]    SSPIF_bit
0x0F9E       [0]    RCIF_bit
0x0F9E       [0]    PSPIF_bit
0x0F9E       [0]    ADIF_bit
0x0F9E       [0]    TMR1IF_bit
0x0F9E       [1]    PIR1
0x0F9E       [0]    CCP1IF_bit
0x0F9E       [0]    TMR2IF_bit
0x0F9F       [0]    RCIP_bit
0x0F9F       [0]    TXIP_bit
0x0F9F       [0]    PSPIP_bit
0x0F9F       [0]    ADIP_bit
0x0F9F       [0]    SSPIP_bit
0x0F9F       [0]    TMR1IP_bit
0x0F9F       [1]    IPR1
0x0F9F       [0]    CCP1IP_bit
0x0F9F       [0]    TMR2IP_bit
0x0FA0       [0]    C2IE_bit
0x0FA0       [0]    EEIE_bit
0x0FA0       [0]    C1IE_bit
0x0FA0       [0]    LVDIE_bit
0x0FA0       [0]    OSCFIE_bit
0x0FA0       [0]    CCP2IE_bit
0x0FA0       [1]    PIE2
0x0FA0       [0]    TMR3IE_bit
0x0FA0       [0]    BCLIE_bit
0x0FA0       [0]    HLVDIE_bit
0x0FA1       [0]    EEIF_bit
0x0FA1       [0]    BCLIF_bit
0x0FA1       [0]    HLVDIF_bit
0x0FA1       [0]    C2IF_bit
0x0FA1       [0]    LVDIF_bit
0x0FA1       [0]    OSCFIF_bit
0x0FA1       [0]    C1IF_bit
0x0FA1       [0]    TMR3IF_bit
0x0FA1       [1]    PIR2
0x0FA1       [0]    CCP2IF_bit
0x0FA2       [0]    LVDIP_bit
0x0FA2       [0]    HLVDIP_bit
0x0FA2       [0]    BCLIP_bit
0x0FA2       [0]    C2IP_bit
0x0FA2       [0]    EEIP_bit
0x0FA2       [0]    OSCFIP_bit
0x0FA2       [0]    C1IP_bit
0x0FA2       [1]    IPR2
0x0FA2       [0]    CCP2IP_bit
0x0FA2       [0]    TMR3IP_bit
0x0FA6       [0]    WRERR_bit
0x0FA6       [0]    WREN_bit
0x0FA6       [0]    EEPGD_bit
0x0FA6       [0]    CFGS_bit
0x0FA6       [0]    FREE_bit
0x0FA6       [0]    WR_EECON1_bit
0x0FA6       [1]    EECON1
0x0FA6       [0]    RD_EECON1_bit
0x0FA7       [1]    EECON2
0x0FA8       [1]    EEDATA
0x0FA9       [0]    EEADR5_bit
0x0FA9       [0]    EEADR4_bit
0x0FA9       [0]    EEADR7_bit
0x0FA9       [0]    EEADR6_bit
0x0FA9       [0]    EEADR3_bit
0x0FA9       [0]    EEADR0_bit
0x0FA9       [1]    EEADR
0x0FA9       [0]    EEADR2_bit
0x0FA9       [0]    EEADR1_bit
0x0FAA       [0]    EEADR9_bit
0x0FAA       [1]    EEADRH
0x0FAA       [0]    EEADR8_bit
0x0FAB       [0]    RX9_bit
0x0FAB       [1]    RCSTA
0x0FAB       [0]    ADEN_bit
0x0FAB       [0]    SPEN_bit
0x0FAB       [0]    SREN_bit
0x0FAB       [0]    ADDEN_bit
0x0FAB       [0]    CREN_bit
0x0FAB       [0]    FERR_bit
0x0FAB       [0]    RX9D_bit
0x0FAB       [0]    OERR_bit
0x0FAC       [0]    TX9_bit
0x0FAC       [0]    CSRC_bit
0x0FAC       [1]    TXSTA
0x0FAC       [0]    TXEN_bit
0x0FAC       [0]    TRMT_bit
0x0FAC       [0]    BRGH_bit
0x0FAC       [0]    TX9D_bit
0x0FAC       [0]    SYNC_bit
0x0FAC       [0]    SENDB_bit
0x0FAD       [1]    TXREG
0x0FAE       [1]    RCREG
0x0FAF       [1]    SPBRG
0x0FB0       [1]    SPBRGH
0x0FB1       [1]    T3CON
0x0FB1       [0]    T3CKPS1_bit
0x0FB1       [0]    NOT_T3SYNC_bit
0x0FB1       [0]    T3CCP1_bit
0x0FB1       [0]    TMR3ON_bit
0x0FB1       [0]    TMR3CS_bit
0x0FB1       [0]    T3SYNC_bit
0x0FB1       [0]    T3CKPS0_bit
0x0FB1       [0]    T3CCP2_bit
0x0FB1       [0]    RD16_bit
0x0FB2       [1]    TMR3L
0x0FB3       [1]    TMR3H
0x0FB4       [1]    CVRCON2
0x0FB4       [0]    FVREN_bit
0x0FB4       [0]    FVRST_bit
0x0FB5       [0]    CVREN_bit
0x0FB5       [0]    CVR0_bit
0x0FB5       [0]    CVROE_bit
0x0FB5       [0]    CVRSS_bit
0x0FB5       [0]    CVRR_bit
0x0FB5       [0]    CVR3_bit
0x0FB5       [1]    CVRCON
0x0FB5       [0]    CVR1_bit
0x0FB5       [0]    CVR2_bit
0x0FB6       [0]    ECCPAS0_bit
0x0FB6       [0]    PSSAC1_bit
0x0FB6       [0]    ECCPAS2_bit
0x0FB6       [0]    ECCPAS1_bit
0x0FB6       [0]    PSSAC0_bit
0x0FB6       [1]    ECCP1AS
0x0FB6       [0]    ECCPASE_bit
0x0FB6       [0]    PSSBD1_bit
0x0FB6       [0]    PSSBD0_bit
0x0FB7       [0]    PDC2_bit
0x0FB7       [0]    PDC3_bit
0x0FB7       [0]    PDC4_bit
0x0FB7       [0]    PRSEN_bit
0x0FB7       [0]    PDC0_bit
0x0FB7       [0]    PDC1_bit
0x0FB7       [0]    PDC5_bit
0x0FB7       [1]    PWM1CON
0x0FB7       [0]    PDC6_bit
0x0FB8       [0]    DTRXP_bit
0x0FB8       [0]    ABDOVF_bit
0x0FB8       [0]    RCIDL_bit
0x0FB8       [0]    WUE_bit
0x0FB8       [0]    ABDEN_bit
0x0FB8       [0]    CKTXP_bit
0x0FB8       [0]    BRG16_bit
0x0FB8       [1]    BAUDCTL
0x0FB8       [1]    BAUDCON
0x0FB8       [0]    SCKP_bit
0x0FB9       [0]    STRSYNC_bit
0x0FB9       [1]    PSTRCON
0x0FB9       [0]    STRB_bit
0x0FB9       [0]    STRA_bit
0x0FB9       [0]    STRD_bit
0x0FB9       [0]    STRC_bit
0x0FBA       [0]    DC2B1_bit
0x0FBA       [0]    DC2B0_bit
0x0FBA       [0]    CCP2M1_bit
0x0FBA       [0]    CCP2M0_bit
0x0FBA       [0]    CCP2M3_bit
0x0FBA       [0]    CCP2M2_bit
0x0FBA       [1]    CCP2CON
0x0FBB       [2]    CCPR2
0x0FBB       [1]    CCPR2L
0x0FBC       [1]    CCPR2H
0x0FBD       [0]    CCP1M1_bit
0x0FBD       [0]    CCP1M2_bit
0x0FBD       [1]    CCP1CON
0x0FBD       [0]    CCP1M0_bit
0x0FBD       [0]    P1M0_bit
0x0FBD       [0]    P1M1_bit
0x0FBD       [0]    DC1B1_bit
0x0FBD       [0]    CCP1M3_bit
0x0FBD       [0]    DC1B0_bit
0x0FBE       [1]    CCPR1L
0x0FBE       [2]    CCPR1
0x0FBF       [1]    CCPR1H
0x0FC0       [0]    ACQT0_bit
0x0FC0       [0]    ACQT1_bit
0x0FC0       [0]    ACQT2_bit
0x0FC0       [0]    ADCS2_bit
0x0FC0       [0]    ADFM_bit
0x0FC0       [0]    ADCS0_bit
0x0FC0       [0]    ADCS1_bit
0x0FC0       [1]    ADCON2
0x0FC1       [0]    VCFG1_bit
0x0FC1       [0]    VCFG0_bit
0x0FC1       [1]    ADCON1
0x0FC2       [0]    CHS0_bit
0x0FC2       [0]    CHS1_bit
0x0FC2       [0]    CHS2_bit
0x0FC2       [0]    GO_DONE_bit
0x0FC2       [0]    GO_bit
0x0FC2       [0]    CHS3_bit
0x0FC2       [0]    NOT_DONE_bit
0x0FC2       [0]    DONE_bit
0x0FC2       [1]    ADCON0
0x0FC2       [0]    ADON_bit
0x0FC2       [0]    GO_NOT_DONE_bit
0x0FC3       [1]    ADRESL
0x0FC3       [2]    ADRES
0x0FC4       [1]    ADRESH
0x0FC5       [0]    ACKDT_bit
0x0FC5       [0]    ACKEN_bit
0x0FC5       [0]    GCEN_bit
0x0FC5       [0]    ACKSTAT_bit
0x0FC5       [0]    RCEN_bit
0x0FC5       [0]    SEN_bit
0x0FC5       [1]    SSPCON2
0x0FC5       [0]    PEN_bit
0x0FC5       [0]    RSEN_bit
0x0FC6       [0]    SSPM0_bit
0x0FC6       [0]    WCOL_bit
0x0FC6       [0]    SSPM1_bit
0x0FC6       [0]    SSPM3_bit
0x0FC6       [0]    SSPM2_bit
0x0FC6       [0]    SSPOV_bit
0x0FC6       [1]    SSPCON1
0x0FC6       [0]    CKP_bit
0x0FC6       [0]    SSPEN_bit
0x0FC7       [0]    R_W_bit
0x0FC7       [0]    NOT_A_bit
0x0FC7       [0]    R_bit
0x0FC7       [0]    D_bit
0x0FC7       [0]    NOT_W_bit
0x0FC7       [0]    START_bit
0x0FC7       [0]    NOT_ADDRESS_bit
0x0FC7       [0]    STOP__bit
0x0FC7       [0]    D_A_bit
0x0FC7       [0]    NOT_WRITE_bit
0x0FC7       [0]    SMP_bit
0x0FC7       [0]    UA_bit
0x0FC7       [0]    R_NOT_W_bit
0x0FC7       [1]    SSPSTAT
0x0FC7       [0]    BF_bit
0x0FC7       [0]    D_NOT_A_bit
0x0FC7       [0]    CKE_bit
0x0FC7       [0]    S_bit
0x0FC7       [0]    P_bit
0x0FC8       [1]    SSPADD
0x0FC9       [1]    SSPBUF
0x0FCA       [0]    T2OUTPS0_bit
0x0FCA       [0]    T2OUTPS1_bit
0x0FCA       [0]    T2OUTPS2_bit
0x0FCA       [0]    TMR2ON_bit
0x0FCA       [0]    T2CKPS0_bit
0x0FCA       [0]    T2CKPS1_bit
0x0FCA       [1]    T2CON
0x0FCA       [0]    T2OUTPS3_bit
0x0FCB       [1]    PR2
0x0FCC       [1]    TMR2
0x0FCD       [0]    T1CKPS0_bit
0x0FCD       [0]    T1CKPS1_bit
0x0FCD       [1]    T1CON
0x0FCD       [0]    T1SYNC_bit
0x0FCD       [0]    NOT_T1SYNC_bit
0x0FCD       [0]    TMR1CS_bit
0x0FCD       [0]    TMR1ON_bit
0x0FCD       [0]    T1OSCEN_bit
0x0FCD       [0]    T1RUN_bit
0x0FCD       [0]    RD16_T1CON_bit
0x0FCE       [1]    TMR1L
0x0FCF       [1]    TMR1H
0x0FD0       [0]    RI_bit
0x0FD0       [0]    TO__bit
0x0FD0       [1]    RCON
0x0FD0       [0]    PD_bit
0x0FD0       [0]    POR_bit
0x0FD0       [0]    NOT_PD_bit
0x0FD0       [0]    NOT_TO_bit
0x0FD0       [0]    NOT_BOR_bit
0x0FD0       [0]    NOT_POR_bit
0x0FD0       [0]    IPEN_bit
0x0FD0       [0]    BOR_bit
0x0FD0       [0]    NOT_RI_bit
0x0FD0       [0]    SBOREN_bit
0x0FD1       [1]    WDTCON
0x0FD1       [0]    SWDTE_bit
0x0FD1       [0]    SWDTEN_bit
0x0FD2       [0]    LVV0_bit
0x0FD2       [0]    LVV1_bit
0x0FD2       [0]    IVRST_bit
0x0FD2       [0]    LVDEN_bit
0x0FD2       [0]    LVV2_bit
0x0FD2       [1]    LVDCON
0x0FD2       [1]    HLVDCON
0x0FD2       [0]    LVV3_bit
0x0FD2       [0]    BGST_bit
0x0FD2       [0]    LVDL3_bit
0x0FD2       [0]    HLVDL0_bit
0x0FD2       [0]    HLVDL1_bit
0x0FD2       [0]    VDIRMAG_bit
0x0FD2       [0]    IRVST_bit
0x0FD2       [0]    HLVDEN_bit
0x0FD2       [0]    LVDL1_bit
0x0FD2       [0]    LVDL2_bit
0x0FD2       [0]    LVDL0_bit
0x0FD2       [0]    HLVDL2_bit
0x0FD2       [0]    HLVDL3_bit
0x0FD3       [0]    IRCF1_bit
0x0FD3       [0]    IRCF2_bit
0x0FD3       [1]    OSCCON
0x0FD3       [0]    IDLEN_bit
0x0FD3       [0]    OSTS_bit
0x0FD3       [0]    IOFS_bit
0x0FD3       [0]    SCS0_bit
0x0FD3       [0]    IRCF0_bit
0x0FD3       [0]    SCS1_bit
0x0FD5       [0]    T0PS2_bit
0x0FD5       [1]    T0CON
0x0FD5       [0]    T0PS1_bit
0x0FD5       [0]    T08BIT_bit
0x0FD5       [0]    TMR0ON_bit
0x0FD5       [0]    T0CS_bit
0x0FD5       [0]    PSA_bit
0x0FD5       [0]    T0SE_bit
0x0FD5       [0]    T0PS0_bit
0x0FD6       [1]    TMR0L
0x0FD7       [1]    TMR0H
0x0FD8       [0]    OV_bit
0x0FD8       [0]    N_bit
0x0FD8       [1]    STATUS
0x0FD8       [0]    DC_bit
0x0FD8       [0]    C_bit
0x0FD8       [0]    Z_bit
0x0FD9       [2]    FSR2
0x0FD9       [2]    FSR2PTR
0x0FD9       [1]    FSR2L
0x0FDA       [1]    FSR2H
0x0FDB       [1]    PLUSW2
0x0FDC       [1]    PREINC2
0x0FDD       [1]    POSTDEC2
0x0FDE       [1]    POSTINC2
0x0FDF       [1]    INDF2
0x0FE0       [1]    BSR
0x0FE1       [2]    FSR1
0x0FE1       [2]    FSR1PTR
0x0FE1       [1]    FSR1L
0x0FE2       [1]    FSR1H
0x0FE3       [1]    PLUSW1
0x0FE4       [1]    PREINC1
0x0FE5       [1]    POSTDEC1
0x0FE6       [1]    POSTINC1
0x0FE7       [1]    INDF1
0x0FE8       [1]    WREG
0x0FE9       [2]    FSR0
0x0FE9       [2]    FSR0PTR
0x0FE9       [1]    FSR0L
0x0FEA       [1]    FSR0H
0x0FEB       [1]    PLUSW0
0x0FEC       [1]    PREINC0
0x0FED       [1]    POSTDEC0
0x0FEE       [1]    POSTINC0
0x0FEF       [1]    INDF0
0x0FF0       [1]    INTCON3
0x0FF0       [0]    INT1E_bit
0x0FF0       [0]    INT2F_bit
0x0FF0       [0]    INT1F_bit
0x0FF0       [0]    INT2P_bit
0x0FF0       [0]    INT1P_bit
0x0FF0       [0]    INT2E_bit
0x0FF0       [0]    INT1IE_bit
0x0FF0       [0]    INT2IF_bit
0x0FF0       [0]    INT1IF_bit
0x0FF0       [0]    INT2IP_bit
0x0FF0       [0]    INT1IP_bit
0x0FF0       [0]    INT2IE_bit
0x0FF1       [0]    INTEDG0_bit
0x0FF1       [0]    NOT_RBPU_bit
0x0FF1       [0]    RBPU_bit
0x0FF1       [0]    INTEDG1_bit
0x0FF1       [0]    RBIP_bit
0x0FF1       [0]    TMR0IP_bit
0x0FF1       [0]    INTEDG2_bit
0x0FF1       [1]    INTCON2
0x0FF2       [0]    GIE_GIEH_bit
0x0FF2       [0]    INT0F_bit
0x0FF2       [0]    TMR0IE_bit
0x0FF2       [0]    PEIE_GIEL_bit
0x0FF2       [0]    PEIE_bit
0x0FF2       [0]    GIE_bit
0x0FF2       [1]    INTCON
0x0FF2       [0]    GIEH_bit
0x0FF2       [0]    GIEL_bit
0x0FF2       [0]    INT0IE_bit
0x0FF2       [0]    RBIE_bit
0x0FF2       [0]    T0IF_bit
0x0FF2       [0]    T0IE_bit
0x0FF2       [0]    INT0E_bit
0x0FF2       [0]    TMR0IF_bit
0x0FF2       [0]    RBIF_bit
0x0FF2       [0]    INT0IF_bit
0x0FF3       [2]    PROD
0x0FF3       [1]    PRODL
0x0FF4       [1]    PRODH
0x0FF5       [1]    TABLAT
0x0FF6       [1]    TBLPTRL
0x0FF6       [3]    TBLPTR
0x0FF7       [1]    TBLPTRH
0x0FF8       [0]    TBLPTRU2_bit
0x0FF8       [0]    TBLPTRU3_bit
0x0FF8       [0]    TBLPTRU1_bit
0x0FF8       [0]    ACSS_bit
0x0FF8       [0]    TBLPTRU0_bit
0x0FF8       [1]    TBLPTRU
0x0FF8       [0]    TBLPTRU4_bit
0x0FF9       [1]    PC
0x0FF9       [1]    PCL
0x0FFA       [1]    PCLATH
0x0FFB       [0]    PCU2_bit
0x0FFB       [0]    PCU3_bit
0x0FFB       [0]    PCU4_bit
0x0FFB       [1]    PCLATU
0x0FFB       [0]    PCU0_bit
0x0FFB       [0]    PCU1_bit
0x0FFC       [0]    SP3_bit
0x0FFC       [0]    STKOVF_bit
0x0FFC       [0]    SP4_bit
0x0FFC       [0]    STKUNF_bit
0x0FFC       [0]    SP1_bit
0x0FFC       [0]    SP2_bit
0x0FFC       [0]    STKFUL_bit
0x0FFC       [0]    SP0_bit
0x0FFC       [1]    STKPTR
0x0FFD       [1]    TOSL
0x0FFE       [1]    TOSH
0x0FFF       [1]    TOSU
//** Constants locations ** 
//ADDRESS    SIZE    CONSTANT
//----------------------------------------------
0x02C8       [1]    ?ICS_paketSay
0x02C9       [7]    ?ICS_RXBUFF
0x02D0       [1]    ?ICS_veriOk
0x02D1       [1]    ?ICS_ID3
0x02D2       [1]    ?ICS_xdata
0x02D3       [1]    ?ICS_dSay
0x02D4       [2]    ?ICS_tmrSay
0x02D6       [1]    ?ICS_ID1
0x02D7       [1]    ?ICS_ID2
//** Label List: ** 
//----------------------------------------------
  L_hataTemizle0
  L_hataTemizle1
  L_rs232KarakterGonder2
  L_rs232KarakterGonder3
  L_cikisIsle4
  L_cikisIsle5
  L_cikisIsle6
  L_cikisIsle7
  L_cikisIsle8
  L_cikisIsle9
  L_cikisIsle10
  L_cikisIsle11
  L_cikisIsle12
  L_cikisIsle13
  L_cikisIsle14
  L_cikisIsle15
  L_cikisIsle16
  L_cikisIsle17
  L_cikisIsle18
  L_cikisIsle19
  L_cikisIsle20
  L_cikisIsle21
  L_cikisIsle22
  L_cikisIsle23
  L_cikisKontrol24
  L_cikisKontrol25
  L_cikisKontrol26
  L_cikisKontrol27
  L_cikisKontrol28
  L_cikisKontrol29
  L_cikisKontrol30
  L_cikisKontrol31
  L_cikisKontrol32
  L_cikisKontrol33
  L_cikisKontrol34
  L_cikisKontrol35
  L_cikisKontrol36
  L_cikisKontrol37
  L_interrupt38
  L_interrupt39
  L_interrupt40
  L_interrupt41
  L_interrupt42
  L_interrupt43
  L_interrupt44
  L_Ayarlar45
  L_main46
  L_main47
  L_main48
  L_main49
  L_main50
  L_main51
  L__cikisKontrol52
  L__interrupt53
  _hataTemizle
  _rs232KarakterGonder
  _cikisIsle
  _cikisTemizle
  _cikisKontrol
  _interrupt
  L__interrupt54
  _Ayarlar
  _main
  L__main55
  _CC2D_Loop1
  _CC2DL_Loop1
  L_loopCA2AWs
  L_loopCCA2AWs
  L_loopCS2Ss
  L_CS2Send
  L_loopCCS2Ss
  L_CCS2Send
  L_loopFZinSWs
  L_longjmp7
  L_end___CC2D
  ___CC2D
  L_end___CC2DW
  ___CC2DW
  L_end___CA2AW
  ___CA2AW
  L_end___CCA2AW
  ___CCA2AW
  L_end___CS2S
  ___CS2S
  L_end___CCS2S
  ___CCS2S
  L_end___FZinS
  ___FZinS
  L_end_____DoIFC
  _____DoIFC
  L_end_Swap
  _Swap
  L_end_setjmp
  _setjmp
  L_end_longjmp
  _longjmp
  L_UART1_Init0
  L_UART1_Init1
  L_UART1_Read2
  L_UART1_Write3
  L_UART1_Write4
  L_UART1_Write_Text5
  L_UART1_Write_Text6
  L_UART1_Read_Text7
  L_UART1_Read_Text8
  L_UART1_Read_Text9
  L_UART1_Read_Text10
  L_UART1_Read_Text11
  L_UART1_Read_Text12
  L_UART1_Read_Text13
  L_UART1_Read_Text14
  L_UART1_Read_Text15
  L_UART_Write_Text16
  L_UART_Write_Text17
  L_UART_Read_Text18
  L_UART_Read_Text19
  L_UART_Read_Text20
  L_UART_Read_Text21
  L_UART_Read_Text22
  L_UART_Read_Text23
  L_UART_Read_Text24
  L_UART_Read_Text25
  L_UART_Read_Text26
  L_end_UART1_Init
  _UART1_Init
  L_end_UART1_Data_Ready
  _UART1_Data_Ready
  L_end_UART1_Read
  _UART1_Read
  L_end_UART1_Tx_Idle
  _UART1_Tx_Idle
  L_end_UART1_Write
  _UART1_Write
  L_end_UART1_Write_Text
  _UART1_Write_Text
  L_end_UART1_Read_Text
  _UART1_Read_Text
  L_end_UART_Set_Active
  _UART_Set_Active
  L_end_UART_Write
  _UART_Write
  L_end_UART_Write_Text
  _UART_Write_Text
  L_end_UART_Read
  _UART_Read
  L_end_UART_Data_Ready
  _UART_Data_Ready
  L_end_UART_Read_Text
  _UART_Read_Text
  L_end_UART_Tx_Idle
  _UART_Tx_Idle
  L_hataTemizle0
  L_hataTemizle1
  L_rs232KarakterGonder2
  L_rs232KarakterGonder3
  L_cikisIsle4
  L_cikisIsle5
  L_cikisIsle6
  L_cikisIsle7
  L_cikisIsle8
  L_cikisIsle9
  L_cikisIsle10
  L_cikisIsle11
  L_cikisIsle12
  L_cikisIsle13
  L_cikisIsle14
  L_cikisIsle15
  L_cikisIsle16
  L_cikisIsle17
  L_cikisIsle18
  L_cikisIsle19
  L_cikisIsle20
  L_cikisIsle21
  L_cikisIsle22
  L_cikisIsle23
  L_cikisKontrol24
  L_cikisKontrol25
  L_cikisKontrol26
  L_cikisKontrol27
  L_cikisKontrol28
  L_cikisKontrol29
  L_cikisKontrol30
  L_cikisKontrol31
  L_cikisKontrol32
  L_cikisKontrol33
  L_cikisKontrol34
  L_cikisKontrol35
  L_cikisKontrol36
  L_cikisKontrol37
  L_interrupt38
  L_interrupt39
  L_interrupt40
  L_interrupt41
  L_interrupt42
  L_interrupt43
  L_interrupt44
  L_Ayarlar45
  L_main46
  L_main47
  L_main48
  L_main49
  L_main50
  L_main51
  L__cikisKontrol52
  L__interrupt53
  _hataTemizle
  _rs232KarakterGonder
  _cikisIsle
  _cikisTemizle
  _cikisKontrol
  _interrupt
  L__interrupt54
  _Ayarlar
  _main
  L__main55
